#
# There is insufficient memory for the Java Runtime Environment to continue.
# Native memory allocation (mmap) failed to map 264241152 bytes for G1 virtual space
# Possible reasons:
#   The system is out of physical RAM or swap space
#   The process is running with CompressedOops enabled, and the Java Heap may be blocking the growth of the native heap
# Possible solutions:
#   Reduce memory load on the system
#   Increase physical memory or swap space
#   Check if swap backing store is full
#   Decrease Java heap size (-Xmx/-Xms)
#   Decrease number of Java threads
#   Decrease Java thread stack sizes (-Xss)
#   Set larger code cache with -XX:ReservedCodeCacheSize=
#   JVM is running with Zero Based Compressed Oops mode in which the Java heap is
#     placed in the first 32GB address space. The Java Heap base address is the
#     maximum limit for the native heap growth. Please use -XX:HeapBaseMinAddress
#     to set the Java Heap base and to place the Java Heap above 32GB virtual address.
# This output file may be truncated or incomplete.
#
#  Out of Memory Error (os_windows.cpp:3613), pid=2428, tid=7408
#
# JRE version:  (17.0.10+7) (build )
# Java VM: OpenJDK 64-Bit Server VM (17.0.10+7-adhoc..jdk17u, mixed mode, sharing, tiered, compressed oops, compressed class ptrs, g1 gc, windows-amd64)
# No core dump will be written. Minidumps are not enabled by default on client versions of Windows
#

---------------  S U M M A R Y ------------

Command Line: com.mycompany.pharmacy.Pharmacy

Host: 12th Gen Intel(R) Core(TM) i5-12500H, 16 cores, 15G,  Windows 11 , 64 bit Build 22621 (10.0.22621.3527)
Time: Tue Jun 11 22:24:57 2024 India Standard Time elapsed time: 0.011004 seconds (0d 0h 0m 0s)

---------------  T H R E A D  ---------------

Current thread (0x00000263cc2ff970):  JavaThread "Unknown thread" [_thread_in_vm, id=7408, stack(0x0000007c0ea00000,0x0000007c0eb00000)]

Stack: [0x0000007c0ea00000,0x0000007c0eb00000]
Native frames: (J=compiled Java code, j=interpreted, Vv=VM code, C=native code)
V  [jvm.dll+0x67d6e9]
V  [jvm.dll+0x834dca]
V  [jvm.dll+0x83688e]
V  [jvm.dll+0x836ef3]
V  [jvm.dll+0x247bdf]
V  [jvm.dll+0x67a529]
V  [jvm.dll+0x66ef9a]
V  [jvm.dll+0x307a6b]
V  [jvm.dll+0x30ef16]
V  [jvm.dll+0x35ec3e]
V  [jvm.dll+0x35ee6f]
V  [jvm.dll+0x2de668]
V  [jvm.dll+0x2df5d4]
V  [jvm.dll+0x806661]
V  [jvm.dll+0x36caf1]
V  [jvm.dll+0x7e50f6]
V  [jvm.dll+0x3f033f]
V  [jvm.dll+0x3f1f71]
C  [jli.dll+0x528f]
C  [ucrtbase.dll+0x29333]
C  [KERNEL32.DLL+0x1257d]
C  [ntdll.dll+0x5aa48]


---------------  P R O C E S S  ---------------

Threads class SMR info:
_java_thread_list=0x00007ff90183ee98, length=0, elements={
}

Java Threads: ( => current thread )

Other Threads:
  0x00000263cc36d180 GCTaskThread "GC Thread#0" [stack: 0x0000007c0eb00000,0x0000007c0ec00000] [id=2960]
  0x00000263cc37dae0 ConcurrentGCThread "G1 Main Marker" [stack: 0x0000007c0ec00000,0x0000007c0ed00000] [id=23436]
  0x00000263cc37e500 ConcurrentGCThread "G1 Conc#0" [stack: 0x0000007c0ed00000,0x0000007c0ee00000] [id=22064]

[error occurred during error reporting (printing all threads), id 0xc0000005, EXCEPTION_ACCESS_VIOLATION (0xc0000005) at pc=0x00007ff900fff0a7]

VM state: not at safepoint (not fully initialized)

VM Mutex/Monitor currently owned by a thread:  ([mutex/lock_event])
[0x00000263cc2fb2f0] Heap_lock - owner thread: 0x00000263cc2ff970

Heap address: 0x0000000705e00000, size: 4002 MB, Compressed Oops mode: Zero based, Oop shift amount: 3

CDS archive(s) mapped at: [0x0000000000000000-0x0000000000000000-0x0000000000000000), size 0, SharedBaseAddress: 0x0000000800000000, ArchiveRelocationMode: 1.
Narrow klass base: 0x0000000000000000, Narrow klass shift: 0, Narrow klass range: 0x0

GC Precious Log:
<Empty>

Heap:
 garbage-first heap   total 0K, used 0K [0x0000000705e00000, 0x0000000800000000)
  region size 2048K, 0 young (0K), 0 survivors (0K)

[error occurred during error reporting (printing heap information), id 0xc0000005, EXCEPTION_ACCESS_VIOLATION (0xc0000005) at pc=0x00007ff9013e7359]

GC Heap History (0 events):
No events

Dll operation events (1 events):
Event: 0.006 Loaded shared library C:\Program Files\OpenLogic\jdk-17.0.10.7-hotspot\bin\java.dll

Deoptimization events (0 events):
No events

Classes unloaded (0 events):
No events

Classes redefined (0 events):
No events

Internal exceptions (0 events):
No events

VM Operations (0 events):
No events

Events (0 events):
No events


Dynamic libraries:
0x00007ff7f07e0000 - 0x00007ff7f07ee000 	C:\Program Files\OpenLogic\jdk-17.0.10.7-hotspot\bin\java.exe
0x00007ff987770000 - 0x00007ff987987000 	C:\WINDOWS\SYSTEM32\ntdll.dll
0x00007ff985890000 - 0x00007ff985954000 	C:\WINDOWS\System32\KERNEL32.DLL
0x00007ff984ed0000 - 0x00007ff985277000 	C:\WINDOWS\System32\KERNELBASE.dll
0x00007ff984bb0000 - 0x00007ff984cc1000 	C:\WINDOWS\System32\ucrtbase.dll
0x00007ff97f730000 - 0x00007ff97f74b000 	C:\Program Files\OpenLogic\jdk-17.0.10.7-hotspot\bin\VCRUNTIME140.dll
0x00007ff9742e0000 - 0x00007ff9742f7000 	C:\Program Files\OpenLogic\jdk-17.0.10.7-hotspot\bin\jli.dll
0x00007ff986960000 - 0x00007ff986b0e000 	C:\WINDOWS\System32\USER32.dll
0x00007ff985470000 - 0x00007ff985496000 	C:\WINDOWS\System32\win32u.dll
0x00007ff986630000 - 0x00007ff986659000 	C:\WINDOWS\System32\GDI32.dll
0x00007ff968e50000 - 0x00007ff9690e3000 	C:\WINDOWS\WinSxS\amd64_microsoft.windows.common-controls_6595b64144ccf1df_6.0.22621.3527_none_270e469b73872a76\COMCTL32.dll
0x00007ff984a90000 - 0x00007ff984ba9000 	C:\WINDOWS\System32\gdi32full.dll
0x00007ff985720000 - 0x00007ff9857c7000 	C:\WINDOWS\System32\msvcrt.dll
0x00007ff984e30000 - 0x00007ff984eca000 	C:\WINDOWS\System32\msvcp_win.dll
0x00007ff987210000 - 0x00007ff987241000 	C:\WINDOWS\System32\IMM32.DLL
0x00007ff97f510000 - 0x00007ff97f51c000 	C:\Program Files\OpenLogic\jdk-17.0.10.7-hotspot\bin\vcruntime140_1.dll
0x00007ff95b100000 - 0x00007ff95b18d000 	C:\Program Files\OpenLogic\jdk-17.0.10.7-hotspot\bin\msvcp140.dll
0x00007ff900d10000 - 0x00007ff901972000 	C:\Program Files\OpenLogic\jdk-17.0.10.7-hotspot\bin\server\jvm.dll
0x00007ff985540000 - 0x00007ff9855f2000 	C:\WINDOWS\System32\ADVAPI32.dll
0x00007ff9857d0000 - 0x00007ff985878000 	C:\WINDOWS\System32\sechost.dll
0x00007ff984e00000 - 0x00007ff984e28000 	C:\WINDOWS\System32\bcrypt.dll
0x00007ff985600000 - 0x00007ff985715000 	C:\WINDOWS\System32\RPCRT4.dll
0x00007ff984950000 - 0x00007ff98499d000 	C:\WINDOWS\SYSTEM32\POWRPROF.dll
0x00007ff95ddd0000 - 0x00007ff95ddd9000 	C:\WINDOWS\SYSTEM32\WSOCK32.dll
0x00007ff96ca90000 - 0x00007ff96ca9a000 	C:\WINDOWS\SYSTEM32\VERSION.dll
0x00007ff97a390000 - 0x00007ff97a3c4000 	C:\WINDOWS\SYSTEM32\WINMM.dll
0x00007ff9868e0000 - 0x00007ff986951000 	C:\WINDOWS\System32\WS2_32.dll
0x00007ff984880000 - 0x00007ff984893000 	C:\WINDOWS\SYSTEM32\UMPDC.dll
0x00007ff983a80000 - 0x00007ff983a98000 	C:\WINDOWS\SYSTEM32\kernel.appcore.dll
0x00007ff97a560000 - 0x00007ff97a56a000 	C:\Program Files\OpenLogic\jdk-17.0.10.7-hotspot\bin\jimage.dll
0x00007ff982500000 - 0x00007ff982732000 	C:\WINDOWS\SYSTEM32\DBGHELP.DLL
0x00007ff985a40000 - 0x00007ff985dc8000 	C:\WINDOWS\System32\combase.dll
0x00007ff985960000 - 0x00007ff985a37000 	C:\WINDOWS\System32\OLEAUT32.dll
0x00007ff9699b0000 - 0x00007ff9699e2000 	C:\WINDOWS\SYSTEM32\dbgcore.DLL
0x00007ff985280000 - 0x00007ff9852f9000 	C:\WINDOWS\System32\bcryptPrimitives.dll
0x00007ff974e20000 - 0x00007ff974e45000 	C:\Program Files\OpenLogic\jdk-17.0.10.7-hotspot\bin\java.dll

dbghelp: loaded successfully - version: 4.0.5 - missing functions: none
symbol engine: initialized successfully - sym options: 0x614 - pdb path: .;C:\Program Files\OpenLogic\jdk-17.0.10.7-hotspot\bin;C:\WINDOWS\SYSTEM32;C:\WINDOWS\WinSxS\amd64_microsoft.windows.common-controls_6595b64144ccf1df_6.0.22621.3527_none_270e469b73872a76;C:\Program Files\OpenLogic\jdk-17.0.10.7-hotspot\bin\server

VM Arguments:
java_command: com.mycompany.pharmacy.Pharmacy
java_class_path (initial): C:\Users\skr\OneDrive\Documents\NetBeansProjects\pharmacy\target\classes;C:\Users\skr\.m2\repository\com\oracle\ojdbc11\10.2.0.4.0\ojdbc11-10.2.0.4.0.jar
Launcher Type: SUN_STANDARD

[Global flags]
     intx CICompilerCount                          = 12                                        {product} {ergonomic}
     uint ConcGCThreads                            = 3                                         {product} {ergonomic}
     uint G1ConcRefinementThreads                  = 13                                        {product} {ergonomic}
   size_t G1HeapRegionSize                         = 2097152                                   {product} {ergonomic}
    uintx GCDrainStackTargetSize                   = 64                                        {product} {ergonomic}
   size_t InitialHeapSize                          = 264241152                                 {product} {ergonomic}
   size_t MarkStackSize                            = 4194304                                   {product} {ergonomic}
   size_t MaxHeapSize                              = 4196401152                                {product} {ergonomic}
   size_t MinHeapDeltaBytes                        = 2097152                                   {product} {ergonomic}
   size_t MinHeapSize                              = 8388608                                   {product} {ergonomic}
    uintx NonNMethodCodeHeapSize                   = 7602480                                {pd product} {ergonomic}
    uintx NonProfiledCodeHeapSize                  = 122027880                              {pd product} {ergonomic}
    uintx ProfiledCodeHeapSize                     = 122027880                              {pd product} {ergonomic}
    uintx ReservedCodeCacheSize                    = 251658240                              {pd product} {ergonomic}
     bool SegmentedCodeCache                       = true                                      {product} {ergonomic}
   size_t SoftMaxHeapSize                          = 4196401152                             {manageable} {ergonomic}
     bool UseCompressedClassPointers               = true                           {product lp64_product} {ergonomic}
     bool UseCompressedOops                        = true                           {product lp64_product} {ergonomic}
     bool UseG1GC                                  = true                                      {product} {ergonomic}
     bool UseLargePagesIndividualAllocation        = false                                  {pd product} {ergonomic}

Logging:
Log output configuration:
 #0: stdout all=warning uptime,level,tags
 #1: stderr all=off uptime,level,tags

Environment Variables:
JAVA_HOME=C:\Program Files\OpenLogic\jdk-17.0.10.7-hotspot
PATH=C:\Program Files (x86)\Common Files\Oracle\Java\java8path;C:\Program Files (x86)\Common Files\Oracle\Java\javapath;E:\orclsql\WINDOWS.X64_193000_db_home\bin;C:\Program Files\OpenLogic\jdk-17.0.10.7-hotspot\bin;C:\ProgramData\Oracle\Java\javapath;C:\WINDOWS\system32;C:\WINDOWS;C:\WINDOWS\System32\Wbem;C:\WINDOWS\System32\WindowsPowerShell\v1.0\;C:\WINDOWS\System32\OpenSSH\;C:\Program Files (x86)\NVIDIA Corporation\PhysX\Common;C:\TDM-GCC-64\bin;C:\Program Files\Git\cmd;C:\Program Files\Git\mingw64\bin;C:\Program Files\Git\usr\bin;%QUARTUS_ROOTDIR%\bin;C:\Program Files\dotnet\;C:\Program Files\OpenLogic\jdk-17.0.10.7-hotspot;C:\Users\skr\AppData\Local\Android\Sdk;C:\Users\skr\AppData\Local\Android\Sdk\platform-tools;C:\Users\skr\AppData\Local\Android\Sdk\emulator;C:\Program Files\nodejs\;C:\Program Files\MySQL\MySQL Shell 8.0\bin\;C:\Users\skr\AppData\Local\Programs\Python\Python311\Scripts\;C:\Users\skr\AppData\Local\Programs\Python\Python311\;C:\Users\skr\AppData\Local\Microsoft\WindowsApps;C:\Program Files\JetBrains\PyCharm Community Edition 2022.3.2\bin;C:\Program Files\Java\jdk-20\bin;C:\Users\skr\AppData\Local\Programs\Microsoft VS Code\bin;C:\TDM-GCC-64\bin;C:\src\flutter\bin;C:\Program Files\JetBrains\IntelliJ IDEA Community Edition 2023.2.5\bin;C:\Users\skr\AppData\Local\JetBrains\Toolbox\scripts;C:\Program Files\OpenLogic\jdk-17.0.10.7-hotspot;C:\Users\skr\AppData\Local\Android\Sdk;C:\Users\skr\AppData\Local\Android\Sdk\emulator;C:\Users\skr\AppData\Local\Android\Sdk\cmdline-tools;C:\Users\skr\AppData\Local\Android\Sdk\platform-tools;C:\Users\skr\AppData\Roaming\npm
USERNAME=skr
OS=Windows_NT
PROCESSOR_IDENTIFIER=Intel64 Family 6 Model 154 Stepping 3, GenuineIntel
TMP=C:\Users\skr\AppData\Local\Temp
TEMP=C:\Users\skr\AppData\Local\Temp



Periodic native trim disabled


---------------  S Y S T E M  ---------------

OS:
 Windows 11 , 64 bit Build 22621 (10.0.22621.3527)
OS uptime: 7 days 8:16 hours
Hyper-V role detected

CPU: total 16 (initial active 16) (8 cores per cpu, 2 threads per core) family 6 model 154 stepping 3 microcode 0x42c, cx8, cmov, fxsr, ht, mmx, 3dnowpref, sse, sse2, sse3, ssse3, sse4.1, sse4.2, popcnt, lzcnt, tsc, tscinvbit, avx, avx2, aes, erms, clmul, bmi1, bmi2, adx, sha, fma, vzeroupper, clflush, clflushopt, clwb, hv
Processor Information for processor 0
  Max Mhz: 2500, Current Mhz: 2500, Mhz Limit: 2500
Processor Information for processor 1
  Max Mhz: 2500, Current Mhz: 2500, Mhz Limit: 2500
Processor Information for processor 2
  Max Mhz: 2500, Current Mhz: 2500, Mhz Limit: 2500
Processor Information for processor 3
  Max Mhz: 2500, Current Mhz: 2500, Mhz Limit: 2500
Processor Information for processor 4
  Max Mhz: 2500, Current Mhz: 2500, Mhz Limit: 2500
Processor Information for processor 5
  Max Mhz: 2500, Current Mhz: 2500, Mhz Limit: 2500
Processor Information for processor 6
  Max Mhz: 2500, Current Mhz: 2500, Mhz Limit: 2500
Processor Information for processor 7
  Max Mhz: 2500, Current Mhz: 2500, Mhz Limit: 2500
Processor Information for processor 8
  Max Mhz: 2500, Current Mhz: 1800, Mhz Limit: 1800
Processor Information for processor 9
  Max Mhz: 2500, Current Mhz: 1500, Mhz Limit: 1800
Processor Information for processor 10
  Max Mhz: 2500, Current Mhz: 1800, Mhz Limit: 1800
Processor Information for processor 11
  Max Mhz: 2500, Current Mhz: 1800, Mhz Limit: 1800
Processor Information for processor 12
  Max Mhz: 2500, Current Mhz: 1800, Mhz Limit: 1800
Processor Information for processor 13
  Max Mhz: 2500, Current Mhz: 1800, Mhz Limit: 1800
Processor Information for processor 14
  Max Mhz: 2500, Current Mhz: 1800, Mhz Limit: 1800
Processor Information for processor 15
  Max Mhz: 2500, Current Mhz: 1800, Mhz Limit: 1800

Memory: 4k page, system-wide physical 16004M (4518M free)
TotalPageFile size 18900M (AvailPageFile size 197M)
current process WorkingSet (physical memory assigned to process): 11M, peak: 11M
current process commit charge ("private bytes"): 71M, peak: 322M

vm_info: OpenJDK 64-Bit Server VM (17.0.10+7-adhoc..jdk17u) for windows-amd64 JRE (17.0.10+7-adhoc..jdk17u), built on Jan 24 2024 08:51:31 by "" with MS VC++ 16.10 / 16.11 (VS2019)

END.
