#
# There is insufficient memory for the Java Runtime Environment to continue.
# Native memory allocation (malloc) failed to allocate 1542896 bytes for Chunk::new
# Possible reasons:
#   The system is out of physical RAM or swap space
#   The process is running with CompressedOops enabled, and the Java Heap may be blocking the growth of the native heap
# Possible solutions:
#   Reduce memory load on the system
#   Increase physical memory or swap space
#   Check if swap backing store is full
#   Decrease Java heap size (-Xmx/-Xms)
#   Decrease number of Java threads
#   Decrease Java thread stack sizes (-Xss)
#   Set larger code cache with -XX:ReservedCodeCacheSize=
#   JVM is running with Zero Based Compressed Oops mode in which the Java heap is
#     placed in the first 32GB address space. The Java Heap base address is the
#     maximum limit for the native heap growth. Please use -XX:HeapBaseMinAddress
#     to set the Java Heap base and to place the Java Heap above 32GB virtual address.
# This output file may be truncated or incomplete.
#
#  Out of Memory Error (arena.cpp:191), pid=10720, tid=14692
#
# JRE version: OpenJDK Runtime Environment OpenLogic-OpenJDK (17.0.10+7) (build 17.0.10+7-adhoc..jdk17u)
# Java VM: OpenJDK 64-Bit Server VM OpenLogic-OpenJDK (17.0.10+7-adhoc..jdk17u, mixed mode, sharing, tiered, compressed oops, compressed class ptrs, g1 gc, windows-amd64)
# No core dump will be written. Minidumps are not enabled by default on client versions of Windows
#

---------------  S U M M A R Y ------------

Command Line: -Dclassworlds.conf=C:\Program Files\NetBeans-21\netbeans\java\maven\bin\m2.conf -Dmaven.home=C:\Program Files\NetBeans-21\netbeans\java\maven -Dlibrary.jansi.path=C:\Program Files\NetBeans-21\netbeans\java\maven\lib\jansi-native -Dmaven.multiModuleProjectDirectory=C:\Users\skr\OneDrive\Documents\NetBeansProjects\pharmacy org.codehaus.plexus.classworlds.launcher.Launcher -Dexec.vmArgs= -Dexec.args=${exec.vmArgs} -classpath %classpath ${exec.mainClass} ${exec.appArgs} -Dexec.executable=C:\Program Files\OpenLogic\jdk-17.0.10.7-hotspot\bin\java.exe -Dexec.mainClass=com.mycompany.pharmacy.CustomerHomePage -Dexec.classpathScope=runtime -Dexec.appArgs= -Dmaven.ext.class.path=C:\Program Files\NetBeans-21\netbeans\java\maven-nblib\netbeans-eventspy.jar --no-transfer-progress process-classes org.codehaus.mojo:exec-maven-plugin:3.1.0:exec

Host: 12th Gen Intel(R) Core(TM) i5-12500H, 16 cores, 15G,  Windows 11 , 64 bit Build 22621 (10.0.22621.3527)
Time: Wed Jun 12 18:48:52 2024 India Standard Time elapsed time: 3.814670 seconds (0d 0h 0m 3s)

---------------  T H R E A D  ---------------

Current thread (0x000001a6ad600f00):  JavaThread "C2 CompilerThread2" daemon [_thread_in_native, id=14692, stack(0x0000003853a00000,0x0000003853b00000)]


Current CompileTask:
C2:   3814 6001       4       com.sun.tools.javac.code.Types::union (134 bytes)

Stack: [0x0000003853a00000,0x0000003853b00000]
Native frames: (J=compiled Java code, j=interpreted, Vv=VM code, C=native code)
V  [jvm.dll+0x67d6e9]
V  [jvm.dll+0x834dca]
V  [jvm.dll+0x83688e]
V  [jvm.dll+0x836ef3]
V  [jvm.dll+0x247bdf]
V  [jvm.dll+0xac514]
V  [jvm.dll+0xacb5c]
V  [jvm.dll+0x366b82]
V  [jvm.dll+0x330ffa]
V  [jvm.dll+0x33049a]
V  [jvm.dll+0x21a2a1]
V  [jvm.dll+0x2196c1]
V  [jvm.dll+0x1a512d]
V  [jvm.dll+0x22949e]
V  [jvm.dll+0x22766c]
V  [jvm.dll+0x7e9ea7]
V  [jvm.dll+0x7e42aa]
V  [jvm.dll+0x67c5d5]
C  [ucrtbase.dll+0x29333]
C  [KERNEL32.DLL+0x1257d]
C  [ntdll.dll+0x5aa48]


---------------  P R O C E S S  ---------------

Threads class SMR info:
_java_thread_list=0x000001a6f5565f40, length=25, elements={
0x000001a6888402d0, 0x000001a6ad407620, 0x000001a6ad4084a0, 0x000001a6ad422200,
0x000001a6ad422cd0, 0x000001a6ad424030, 0x000001a6ad4291e0, 0x000001a6ad427f90,
0x000001a6ad434100, 0x000001a6ad4446f0, 0x000001a6ad4ea930, 0x000001a6ad5cef90,
0x000001a6ad5d2730, 0x000001a6f3211920, 0x000001a6f356c040, 0x000001a6ad6009e0,
0x000001a6ad600f00, 0x000001a6f3b84f90, 0x000001a6f3b18c90, 0x000001a6f3b191e0,
0x000001a6f3b1a1d0, 0x000001a6f3b19c80, 0x000001a6f73c67a0, 0x000001a6f881b010,
0x000001a6f881b4f0
}

Java Threads: ( => current thread )
  0x000001a6888402d0 JavaThread "main" [_thread_in_native, id=2708, stack(0x0000003852200000,0x0000003852300000)]
  0x000001a6ad407620 JavaThread "Reference Handler" daemon [_thread_blocked, id=7376, stack(0x0000003852900000,0x0000003852a00000)]
  0x000001a6ad4084a0 JavaThread "Finalizer" daemon [_thread_blocked, id=15552, stack(0x0000003852a00000,0x0000003852b00000)]
  0x000001a6ad422200 JavaThread "Signal Dispatcher" daemon [_thread_blocked, id=4080, stack(0x0000003852c00000,0x0000003852d00000)]
  0x000001a6ad422cd0 JavaThread "Attach Listener" daemon [_thread_blocked, id=6204, stack(0x0000003852d00000,0x0000003852e00000)]
  0x000001a6ad424030 JavaThread "Service Thread" daemon [_thread_blocked, id=14100, stack(0x0000003852e00000,0x0000003852f00000)]
  0x000001a6ad4291e0 JavaThread "Monitor Deflation Thread" daemon [_thread_blocked, id=1496, stack(0x0000003852f00000,0x0000003853000000)]
  0x000001a6ad427f90 JavaThread "C2 CompilerThread0" daemon [_thread_blocked, id=7608, stack(0x0000003853000000,0x0000003853100000)]
  0x000001a6ad434100 JavaThread "C1 CompilerThread0" daemon [_thread_blocked, id=14452, stack(0x0000003853100000,0x0000003853200000)]
  0x000001a6ad4446f0 JavaThread "Sweeper thread" daemon [_thread_blocked, id=16928, stack(0x0000003853200000,0x0000003853300000)]
  0x000001a6ad4ea930 JavaThread "C1 CompilerThread1" daemon [_thread_blocked, id=1956, stack(0x0000003853300000,0x0000003853400000)]
  0x000001a6ad5cef90 JavaThread "Notification Thread" daemon [_thread_blocked, id=15480, stack(0x0000003853400000,0x0000003853500000)]
  0x000001a6ad5d2730 JavaThread "Common-Cleaner" daemon [_thread_blocked, id=11868, stack(0x0000003853600000,0x0000003853700000)]
  0x000001a6f3211920 JavaThread "C1 CompilerThread2" daemon [_thread_blocked, id=7380, stack(0x0000003853700000,0x0000003853800000)]
  0x000001a6f356c040 JavaThread "C1 CompilerThread3" daemon [_thread_blocked, id=10028, stack(0x0000003853800000,0x0000003853900000)]
  0x000001a6ad6009e0 JavaThread "C2 CompilerThread1" daemon [_thread_blocked, id=8336, stack(0x0000003853900000,0x0000003853a00000)]
=>0x000001a6ad600f00 JavaThread "C2 CompilerThread2" daemon [_thread_in_native, id=14692, stack(0x0000003853a00000,0x0000003853b00000)]
  0x000001a6f3b84f90 JavaThread "C2 CompilerThread3" daemon [_thread_in_native, id=18096, stack(0x0000003853b00000,0x0000003853c00000)]
  0x000001a6f3b18c90 JavaThread "C2 CompilerThread4" daemon [_thread_blocked, id=11764, stack(0x0000003853c00000,0x0000003853d00000)]
  0x000001a6f3b191e0 JavaThread "C2 CompilerThread5" daemon [_thread_blocked, id=5760, stack(0x0000003853d00000,0x0000003853e00000)]
  0x000001a6f3b1a1d0 JavaThread "C2 CompilerThread6" daemon [_thread_blocked, id=3480, stack(0x0000003853e00000,0x0000003853f00000)]
  0x000001a6f3b19c80 JavaThread "C2 CompilerThread7" daemon [_thread_blocked, id=15180, stack(0x0000003854f00000,0x0000003855000000)]
  0x000001a6f73c67a0 JavaThread "Exec Stream Pumper" daemon [_thread_in_native, id=4012, stack(0x0000003855000000,0x0000003855100000)]
  0x000001a6f881b010 JavaThread "Exec Stream Pumper" daemon [_thread_in_native, id=15176, stack(0x0000003855100000,0x0000003855200000)]
  0x000001a6f881b4f0 JavaThread "Exec Input Stream Pumper" daemon [_thread_blocked, id=16652, stack(0x0000003855200000,0x0000003855300000)]

Other Threads:
  0x000001a6ad1dec00 VMThread "VM Thread" [stack: 0x0000003852800000,0x0000003852900000] [id=4612]
  0x000001a6ad5d1480 WatcherThread [stack: 0x0000003853500000,0x0000003853600000] [id=2112]
  0x000001a6888adc80 GCTaskThread "GC Thread#0" [stack: 0x0000003852300000,0x0000003852400000] [id=14192]
  0x000001a6f432ec20 GCTaskThread "GC Thread#1" [stack: 0x0000003854000000,0x0000003854100000] [id=16612]
  0x000001a6f3f37180 GCTaskThread "GC Thread#2" [stack: 0x0000003854100000,0x0000003854200000] [id=2872]
  0x000001a6f418aa20 GCTaskThread "GC Thread#3" [stack: 0x0000003854200000,0x0000003854300000] [id=8220]
  0x000001a6f39dcf40 GCTaskThread "GC Thread#4" [stack: 0x0000003854300000,0x0000003854400000] [id=4120]
  0x000001a6f39dd200 GCTaskThread "GC Thread#5" [stack: 0x0000003854400000,0x0000003854500000] [id=1160]
  0x000001a6f359f780 GCTaskThread "GC Thread#6" [stack: 0x0000003854500000,0x0000003854600000] [id=6392]
  0x000001a6f45eb230 GCTaskThread "GC Thread#7" [stack: 0x0000003854600000,0x0000003854700000] [id=14008]
  0x000001a6f49d02b0 GCTaskThread "GC Thread#8" [stack: 0x0000003854700000,0x0000003854800000] [id=18000]
  0x000001a6f49d0830 GCTaskThread "GC Thread#9" [stack: 0x0000003854800000,0x0000003854900000] [id=16548]
  0x000001a6f49d0db0 GCTaskThread "GC Thread#10" [stack: 0x0000003853f00000,0x0000003854000000] [id=17248]
  0x000001a6f49d15f0 GCTaskThread "GC Thread#11" [stack: 0x0000003854900000,0x0000003854a00000] [id=10696]
  0x000001a6f49d0af0 GCTaskThread "GC Thread#12" [stack: 0x0000003854a00000,0x0000003854b00000] [id=14512]
  0x000001a6888be5e0 ConcurrentGCThread "G1 Main Marker" [stack: 0x0000003852400000,0x0000003852500000] [id=1492]
  0x000001a6888bf000 ConcurrentGCThread "G1 Conc#0" [stack: 0x0000003852500000,0x0000003852600000] [id=10488]
  0x000001a6f49d1070 ConcurrentGCThread "G1 Conc#1" [stack: 0x0000003854b00000,0x0000003854c00000] [id=13640]
  0x000001a6f49d18b0 ConcurrentGCThread "G1 Conc#2" [stack: 0x0000003854c00000,0x0000003854d00000] [id=12220]
  0x000001a6888eec20 ConcurrentGCThread "G1 Refine#0" [stack: 0x0000003852600000,0x0000003852700000] [id=12500]
  0x000001a6f4aa7b40 ConcurrentGCThread "G1 Refine#1" [stack: 0x0000003854d00000,0x0000003854e00000] [id=17512]
  0x000001a6f513fff0 ConcurrentGCThread "G1 Refine#2" [stack: 0x0000003854e00000,0x0000003854f00000] [id=15800]
  0x000001a6ad09c2e0 ConcurrentGCThread "G1 Service" [stack: 0x0000003852700000,0x0000003852800000] [id=17644]

Threads with active compile tasks:
C2 CompilerThread2     3823 6001       4       com.sun.tools.javac.code.Types::union (134 bytes)
C2 CompilerThread3     3823 5410       4       com.sun.tools.javac.code.Symtab::enterClass (71 bytes)

VM state: not at safepoint (normal execution)

VM Mutex/Monitor currently owned by a thread: None

Heap address: 0x0000000705e00000, size: 4002 MB, Compressed Oops mode: Zero based, Oop shift amount: 3

CDS archive(s) mapped at: [0x000001a6ae000000-0x000001a6aebc0000-0x000001a6aebc0000), size 12320768, SharedBaseAddress: 0x000001a6ae000000, ArchiveRelocationMode: 1.
Compressed class space mapped at: 0x000001a6af000000-0x000001a6ef000000, reserved size: 1073741824
Narrow klass base: 0x000001a6ae000000, Narrow klass shift: 0, Narrow klass range: 0x100000000

GC Precious Log:
 CPUs: 16 total, 16 available
 Memory: 16004M
 Large Page Support: Disabled
 NUMA Support: Disabled
 Compressed Oops: Enabled (Zero based)
 Heap Region Size: 2M
 Heap Min Capacity: 8M
 Heap Initial Capacity: 252M
 Heap Max Capacity: 4002M
 Pre-touch: Disabled
 Parallel Workers: 13
 Concurrent Workers: 3
 Concurrent Refinement Workers: 13
 Periodic GC: Disabled

Heap:
 garbage-first heap   total 153600K, used 61440K [0x0000000705e00000, 0x0000000800000000)
  region size 2048K, 23 young (47104K), 2 survivors (4096K)
 Metaspace       used 27500K, committed 27840K, reserved 1114112K
  class space    used 3172K, committed 3328K, reserved 1048576K

Heap Regions: E=young(eden), S=young(survivor), O=old, HS=humongous(starts), HC=humongous(continues), CS=collection set, F=free, OA=open archive, CA=closed archive, TAMS=top-at-mark-start (previous, next)
|   0|0x0000000705e00000, 0x0000000706000000, 0x0000000706000000|100%| O|  |TAMS 0x0000000706000000, 0x0000000705e00000| Untracked 
|   1|0x0000000706000000, 0x0000000706000000, 0x0000000706200000|  0%| F|  |TAMS 0x0000000706000000, 0x0000000706000000| Untracked 
|   2|0x0000000706200000, 0x0000000706400000, 0x0000000706400000|100%| O|  |TAMS 0x0000000706200000, 0x0000000706200000| Untracked 
|   3|0x0000000706400000, 0x0000000706600000, 0x0000000706600000|100%| O|  |TAMS 0x0000000706400000, 0x0000000706400000| Untracked 
|   4|0x0000000706600000, 0x0000000706800000, 0x0000000706800000|100%| O|  |TAMS 0x0000000706600000, 0x0000000706600000| Untracked 
|   5|0x0000000706800000, 0x0000000706a00000, 0x0000000706a00000|100%| O|  |TAMS 0x0000000706800000, 0x0000000706800000| Untracked 
|   6|0x0000000706a00000, 0x0000000706a00000, 0x0000000706c00000|  0%| F|  |TAMS 0x0000000706a00000, 0x0000000706a00000| Untracked 
|   7|0x0000000706c00000, 0x0000000706c00000, 0x0000000706e00000|  0%| F|  |TAMS 0x0000000706c00000, 0x0000000706c00000| Untracked 
|   8|0x0000000706e00000, 0x0000000707000000, 0x0000000707000000|100%| O|  |TAMS 0x0000000706e00000, 0x0000000706e00000| Untracked 
|   9|0x0000000707000000, 0x0000000707200000, 0x0000000707200000|100%| O|  |TAMS 0x0000000707000000, 0x0000000707000000| Untracked 
|  10|0x0000000707200000, 0x0000000707400000, 0x0000000707400000|100%| O|  |TAMS 0x0000000707200000, 0x0000000707200000| Untracked 
|  11|0x0000000707400000, 0x0000000707400000, 0x0000000707600000|  0%| F|  |TAMS 0x0000000707400000, 0x0000000707400000| Untracked 
|  12|0x0000000707600000, 0x0000000707600000, 0x0000000707800000|  0%| F|  |TAMS 0x0000000707600000, 0x0000000707600000| Untracked 
|  13|0x0000000707800000, 0x0000000707a00000, 0x0000000707a00000|100%| S|CS|TAMS 0x0000000707800000, 0x0000000707800000| Complete 
|  14|0x0000000707a00000, 0x0000000707c00000, 0x0000000707c00000|100%| S|CS|TAMS 0x0000000707a00000, 0x0000000707a00000| Complete 
|  15|0x0000000707c00000, 0x0000000707c00000, 0x0000000707e00000|  0%| F|  |TAMS 0x0000000707c00000, 0x0000000707c00000| Untracked 
|  16|0x0000000707e00000, 0x0000000707e00000, 0x0000000708000000|  0%| F|  |TAMS 0x0000000707e00000, 0x0000000707e00000| Untracked 
|  17|0x0000000708000000, 0x0000000708000000, 0x0000000708200000|  0%| F|  |TAMS 0x0000000708000000, 0x0000000708000000| Untracked 
|  18|0x0000000708200000, 0x0000000708200000, 0x0000000708400000|  0%| F|  |TAMS 0x0000000708200000, 0x0000000708200000| Untracked 
|  19|0x0000000708400000, 0x0000000708400000, 0x0000000708600000|  0%| F|  |TAMS 0x0000000708400000, 0x0000000708400000| Untracked 
|  20|0x0000000708600000, 0x0000000708600000, 0x0000000708800000|  0%| F|  |TAMS 0x0000000708600000, 0x0000000708600000| Untracked 
|  21|0x0000000708800000, 0x0000000708800000, 0x0000000708a00000|  0%| F|  |TAMS 0x0000000708800000, 0x0000000708800000| Untracked 
|  22|0x0000000708a00000, 0x0000000708a00000, 0x0000000708c00000|  0%| F|  |TAMS 0x0000000708a00000, 0x0000000708a00000| Untracked 
|  23|0x0000000708c00000, 0x0000000708c00000, 0x0000000708e00000|  0%| F|  |TAMS 0x0000000708c00000, 0x0000000708c00000| Untracked 
|  24|0x0000000708e00000, 0x0000000708e00000, 0x0000000709000000|  0%| F|  |TAMS 0x0000000708e00000, 0x0000000708e00000| Untracked 
|  25|0x0000000709000000, 0x0000000709000000, 0x0000000709200000|  0%| F|  |TAMS 0x0000000709000000, 0x0000000709000000| Untracked 
|  26|0x0000000709200000, 0x0000000709200000, 0x0000000709400000|  0%| F|  |TAMS 0x0000000709200000, 0x0000000709200000| Untracked 
|  27|0x0000000709400000, 0x0000000709400000, 0x0000000709600000|  0%| F|  |TAMS 0x0000000709400000, 0x0000000709400000| Untracked 
|  28|0x0000000709600000, 0x0000000709600000, 0x0000000709800000|  0%| F|  |TAMS 0x0000000709600000, 0x0000000709600000| Untracked 
|  29|0x0000000709800000, 0x0000000709800000, 0x0000000709a00000|  0%| F|  |TAMS 0x0000000709800000, 0x0000000709800000| Untracked 
|  30|0x0000000709a00000, 0x0000000709a00000, 0x0000000709c00000|  0%| F|  |TAMS 0x0000000709a00000, 0x0000000709a00000| Untracked 
|  31|0x0000000709c00000, 0x0000000709c00000, 0x0000000709e00000|  0%| F|  |TAMS 0x0000000709c00000, 0x0000000709c00000| Untracked 
|  32|0x0000000709e00000, 0x0000000709e00000, 0x000000070a000000|  0%| F|  |TAMS 0x0000000709e00000, 0x0000000709e00000| Untracked 
|  33|0x000000070a000000, 0x000000070a000000, 0x000000070a200000|  0%| F|  |TAMS 0x000000070a000000, 0x000000070a000000| Untracked 
|  34|0x000000070a200000, 0x000000070a200000, 0x000000070a400000|  0%| F|  |TAMS 0x000000070a200000, 0x000000070a200000| Untracked 
|  35|0x000000070a400000, 0x000000070a400000, 0x000000070a600000|  0%| F|  |TAMS 0x000000070a400000, 0x000000070a400000| Untracked 
|  36|0x000000070a600000, 0x000000070a600000, 0x000000070a800000|  0%| F|  |TAMS 0x000000070a600000, 0x000000070a600000| Untracked 
|  37|0x000000070a800000, 0x000000070a800000, 0x000000070aa00000|  0%| F|  |TAMS 0x000000070a800000, 0x000000070a800000| Untracked 
|  38|0x000000070aa00000, 0x000000070aa00000, 0x000000070ac00000|  0%| F|  |TAMS 0x000000070aa00000, 0x000000070aa00000| Untracked 
|  39|0x000000070ac00000, 0x000000070ac00000, 0x000000070ae00000|  0%| F|  |TAMS 0x000000070ac00000, 0x000000070ac00000| Untracked 
|  40|0x000000070ae00000, 0x000000070ae00000, 0x000000070b000000|  0%| F|  |TAMS 0x000000070ae00000, 0x000000070ae00000| Untracked 
|  41|0x000000070b000000, 0x000000070b000000, 0x000000070b200000|  0%| F|  |TAMS 0x000000070b000000, 0x000000070b000000| Untracked 
|  42|0x000000070b200000, 0x000000070b200000, 0x000000070b400000|  0%| F|  |TAMS 0x000000070b200000, 0x000000070b200000| Untracked 
|  43|0x000000070b400000, 0x000000070b400000, 0x000000070b600000|  0%| F|  |TAMS 0x000000070b400000, 0x000000070b400000| Untracked 
|  44|0x000000070b600000, 0x000000070b600000, 0x000000070b800000|  0%| F|  |TAMS 0x000000070b600000, 0x000000070b600000| Untracked 
|  45|0x000000070b800000, 0x000000070b800000, 0x000000070ba00000|  0%| F|  |TAMS 0x000000070b800000, 0x000000070b800000| Untracked 
|  46|0x000000070ba00000, 0x000000070ba00000, 0x000000070bc00000|  0%| F|  |TAMS 0x000000070ba00000, 0x000000070ba00000| Untracked 
|  47|0x000000070bc00000, 0x000000070bc00000, 0x000000070be00000|  0%| F|  |TAMS 0x000000070bc00000, 0x000000070bc00000| Untracked 
|  48|0x000000070be00000, 0x000000070be00000, 0x000000070c000000|  0%| F|  |TAMS 0x000000070be00000, 0x000000070be00000| Untracked 
|  49|0x000000070c000000, 0x000000070c000000, 0x000000070c200000|  0%| F|  |TAMS 0x000000070c000000, 0x000000070c000000| Untracked 
|  50|0x000000070c200000, 0x000000070c200000, 0x000000070c400000|  0%| F|  |TAMS 0x000000070c200000, 0x000000070c200000| Untracked 
|  51|0x000000070c400000, 0x000000070c400000, 0x000000070c600000|  0%| F|  |TAMS 0x000000070c400000, 0x000000070c400000| Untracked 
|  52|0x000000070c600000, 0x000000070c600000, 0x000000070c800000|  0%| F|  |TAMS 0x000000070c600000, 0x000000070c600000| Untracked 
|  53|0x000000070c800000, 0x000000070c800000, 0x000000070ca00000|  0%| F|  |TAMS 0x000000070c800000, 0x000000070c800000| Untracked 
|  54|0x000000070ca00000, 0x000000070cbbe720, 0x000000070cc00000| 87%| E|  |TAMS 0x000000070ca00000, 0x000000070ca00000| Complete 
|  55|0x000000070cc00000, 0x000000070ce00000, 0x000000070ce00000|100%| E|CS|TAMS 0x000000070cc00000, 0x000000070cc00000| Complete 
|  56|0x000000070ce00000, 0x000000070d000000, 0x000000070d000000|100%| E|CS|TAMS 0x000000070ce00000, 0x000000070ce00000| Complete 
|  57|0x000000070d000000, 0x000000070d200000, 0x000000070d200000|100%| E|CS|TAMS 0x000000070d000000, 0x000000070d000000| Complete 
|  58|0x000000070d200000, 0x000000070d400000, 0x000000070d400000|100%| E|CS|TAMS 0x000000070d200000, 0x000000070d200000| Complete 
|  59|0x000000070d400000, 0x000000070d600000, 0x000000070d600000|100%| E|CS|TAMS 0x000000070d400000, 0x000000070d400000| Complete 
|  60|0x000000070d600000, 0x000000070d800000, 0x000000070d800000|100%| E|CS|TAMS 0x000000070d600000, 0x000000070d600000| Complete 
|  61|0x000000070d800000, 0x000000070da00000, 0x000000070da00000|100%| E|CS|TAMS 0x000000070d800000, 0x000000070d800000| Complete 
|  62|0x000000070da00000, 0x000000070dc00000, 0x000000070dc00000|100%| E|CS|TAMS 0x000000070da00000, 0x000000070da00000| Complete 
|  63|0x000000070dc00000, 0x000000070de00000, 0x000000070de00000|100%| E|CS|TAMS 0x000000070dc00000, 0x000000070dc00000| Complete 
|  64|0x000000070de00000, 0x000000070e000000, 0x000000070e000000|100%| E|CS|TAMS 0x000000070de00000, 0x000000070de00000| Complete 
|  65|0x000000070e000000, 0x000000070e200000, 0x000000070e200000|100%| E|CS|TAMS 0x000000070e000000, 0x000000070e000000| Complete 
|  66|0x000000070e200000, 0x000000070e400000, 0x000000070e400000|100%| E|CS|TAMS 0x000000070e200000, 0x000000070e200000| Complete 
|  67|0x000000070e400000, 0x000000070e600000, 0x000000070e600000|100%| E|CS|TAMS 0x000000070e400000, 0x000000070e400000| Complete 
|  68|0x000000070e600000, 0x000000070e800000, 0x000000070e800000|100%| E|CS|TAMS 0x000000070e600000, 0x000000070e600000| Complete 
|  69|0x000000070e800000, 0x000000070ea00000, 0x000000070ea00000|100%| E|CS|TAMS 0x000000070e800000, 0x000000070e800000| Complete 
|  88|0x0000000710e00000, 0x0000000711000000, 0x0000000711000000|100%| E|CS|TAMS 0x0000000710e00000, 0x0000000710e00000| Complete 
|  89|0x0000000711000000, 0x0000000711200000, 0x0000000711200000|100%| E|CS|TAMS 0x0000000711000000, 0x0000000711000000| Complete 
|  90|0x0000000711200000, 0x0000000711400000, 0x0000000711400000|100%| E|CS|TAMS 0x0000000711200000, 0x0000000711200000| Complete 
|  91|0x0000000711400000, 0x0000000711600000, 0x0000000711600000|100%| E|CS|TAMS 0x0000000711400000, 0x0000000711400000| Complete 
| 125|0x0000000715800000, 0x0000000715a00000, 0x0000000715a00000|100%| E|CS|TAMS 0x0000000715800000, 0x0000000715800000| Complete 

Card table byte_map: [0x000001a6a1750000,0x000001a6a1f30000] _byte_map_base: 0x000001a69df21000

Marking Bits (Prev, Next): (CMBitMap*) 0x000001a6888ae2e0, (CMBitMap*) 0x000001a6888ae2a0
 Prev Bits: [0x000001a6a65a0000, 0x000001a6aa428000)
 Next Bits: [0x000001a6a2710000, 0x000001a6a6598000)

Polling page: 0x000001a6867e0000

Metaspace:

Usage:
  Non-class:     23.76 MB used.
      Class:      3.10 MB used.
       Both:     26.86 MB used.

Virtual space:
  Non-class space:       64.00 MB reserved,      23.94 MB ( 37%) committed,  1 nodes.
      Class space:        1.00 GB reserved,       3.25 MB ( <1%) committed,  1 nodes.
             Both:        1.06 GB reserved,      27.19 MB (  2%) committed. 

Chunk freelists:
   Non-Class:  7.66 MB
       Class:  12.72 MB
        Both:  20.38 MB

MaxMetaspaceSize: unlimited
CompressedClassSpaceSize: 1.00 GB
Initial GC threshold: 21.00 MB
Current GC threshold: 35.25 MB
CDS: on
MetaspaceReclaimPolicy: balanced
 - commit_granule_bytes: 65536.
 - commit_granule_words: 8192.
 - virtual_space_node_default_size: 8388608.
 - enlarge_chunks_in_place: 1.
 - new_chunks_are_fully_committed: 0.
 - uncommit_free_chunks: 1.
 - use_allocation_guard: 0.
 - handle_deallocations: 1.


Internal statistics:

num_allocs_failed_limit: 3.
num_arena_births: 172.
num_arena_deaths: 0.
num_vsnodes_births: 2.
num_vsnodes_deaths: 0.
num_space_committed: 435.
num_space_uncommitted: 0.
num_chunks_returned_to_freelist: 3.
num_chunks_taken_from_freelist: 1156.
num_chunk_merges: 3.
num_chunk_splits: 822.
num_chunks_enlarged: 661.
num_inconsistent_stats: 0.

CodeHeap 'non-profiled nmethods': size=119168Kb used=2652Kb max_used=2891Kb free=116515Kb
 bounds [0x000001a699270000, 0x000001a699550000, 0x000001a6a06d0000]
CodeHeap 'profiled nmethods': size=119104Kb used=12569Kb max_used=13862Kb free=106535Kb
 bounds [0x000001a6916d0000, 0x000001a692460000, 0x000001a698b20000]
CodeHeap 'non-nmethods': size=7488Kb used=2895Kb max_used=2995Kb free=4592Kb
 bounds [0x000001a698b20000, 0x000001a698e10000, 0x000001a699270000]
 total_blobs=6212 nmethods=5706 adapters=415
 compilation: enabled
              stopped_count=0, restarted_count=0
 full_count=0

Compilation events (20 events):
Event: 3.769 Thread 0x000001a6f3b19c80 5614       4       com.sun.tools.javac.code.Type$JCVoidType::getTag (4 bytes)
Event: 3.770 Thread 0x000001a6f3b191e0 nmethod 5681 0x000001a699538610 code [0x000001a699538780, 0x000001a6995387f8]
Event: 3.770 Thread 0x000001a6f3b191e0 5643       4       com.sun.tools.javac.jvm.PoolConstant::poolKey (2 bytes)
Event: 3.770 Thread 0x000001a6f3b19c80 nmethod 5614 0x000001a699538910 code [0x000001a699538a80, 0x000001a699538af8]
Event: 3.771 Thread 0x000001a6f3b19c80 5675       4       com.sun.tools.javac.tree.JCTree$JCBlock::getTag (4 bytes)
Event: 3.772 Thread 0x000001a6f3b191e0 nmethod 5643 0x000001a699538c10 code [0x000001a699538d80, 0x000001a699538df8]
Event: 3.772 Thread 0x000001a6f3b191e0 5777       4       com.sun.tools.javac.tree.JCTree$JCVariableDecl::getTag (4 bytes)
Event: 3.772 Thread 0x000001a6f3b19c80 nmethod 5675 0x000001a699538f10 code [0x000001a699539080, 0x000001a6995390f8]
Event: 3.772 Thread 0x000001a6f3b18c90 5837       4       com.sun.tools.javac.tree.JCTree$JCLiteral::getTag (4 bytes)
Event: 3.772 Thread 0x000001a6f3b19c80 5644       4       com.sun.tools.javac.code.Type$ArrayType::getTag (4 bytes)
Event: 3.773 Thread 0x000001a6f3b191e0 nmethod 5777 0x000001a699539210 code [0x000001a699539380, 0x000001a6995393f8]
Event: 3.773 Thread 0x000001a6f3b18c90 nmethod 5837 0x000001a699539510 code [0x000001a699539680, 0x000001a6995396f8]
Event: 3.773 Thread 0x000001a6f3b191e0 5793       4       com.sun.tools.javac.code.Type$BottomType::getTag (4 bytes)
Event: 3.773 Thread 0x000001a6f3b19c80 nmethod 5644 0x000001a699539810 code [0x000001a699539980, 0x000001a6995399f8]
Event: 3.773 Thread 0x000001a6f3b18c90 5927       4       com.sun.tools.javac.comp.Resolve$MethodResolutionPhase::mergeResults (2 bytes)
Event: 3.774 Thread 0x000001a6f3b191e0 nmethod 5793 0x000001a699539b10 code [0x000001a699539c80, 0x000001a699539cf8]
Event: 3.774 Thread 0x000001a6f3b18c90 nmethod 5927 0x000001a699539e10 code [0x000001a699539f80, 0x000001a699539ff8]
Event: 3.776 Thread 0x000001a6f3b1a1d0 nmethod 5640 0x000001a69953a110 code [0x000001a69953a280, 0x000001a69953a758]
Event: 3.779 Thread 0x000001a6ad6009e0 nmethod 5115 0x000001a69953a810 code [0x000001a69953a9c0, 0x000001a69953b2f8]
Event: 3.794 Thread 0x000001a6ad427f90 nmethod 5612 0x000001a69953b610 code [0x000001a69953bb00, 0x000001a69953eff8]

GC Heap History (12 events):
Event: 1.015 GC heap before
{Heap before GC invocations=0 (full 0):
 garbage-first heap   total 258048K, used 22528K [0x0000000705e00000, 0x0000000800000000)
  region size 2048K, 11 young (22528K), 0 survivors (0K)
 Metaspace       used 5555K, committed 5760K, reserved 1114112K
  class space    used 650K, committed 768K, reserved 1048576K
}
Event: 1.028 GC heap after
{Heap after GC invocations=1 (full 0):
 garbage-first heap   total 258048K, used 3913K [0x0000000705e00000, 0x0000000800000000)
  region size 2048K, 2 young (4096K), 2 survivors (4096K)
 Metaspace       used 5555K, committed 5760K, reserved 1114112K
  class space    used 650K, committed 768K, reserved 1048576K
}
Event: 1.419 GC heap before
{Heap before GC invocations=1 (full 0):
 garbage-first heap   total 258048K, used 32585K [0x0000000705e00000, 0x0000000800000000)
  region size 2048K, 16 young (32768K), 2 survivors (4096K)
 Metaspace       used 8973K, committed 9088K, reserved 1114112K
  class space    used 1074K, committed 1152K, reserved 1048576K
}
Event: 1.423 GC heap after
{Heap after GC invocations=2 (full 0):
 garbage-first heap   total 258048K, used 5304K [0x0000000705e00000, 0x0000000800000000)
  region size 2048K, 1 young (2048K), 1 survivors (2048K)
 Metaspace       used 8973K, committed 9088K, reserved 1114112K
  class space    used 1074K, committed 1152K, reserved 1048576K
}
Event: 2.585 GC heap before
{Heap before GC invocations=2 (full 0):
 garbage-first heap   total 258048K, used 70840K [0x0000000705e00000, 0x0000000800000000)
  region size 2048K, 34 young (69632K), 1 survivors (2048K)
 Metaspace       used 21281K, committed 21504K, reserved 1114112K
  class space    used 2556K, committed 2688K, reserved 1048576K
}
Event: 2.591 GC heap after
{Heap after GC invocations=3 (full 0):
 garbage-first heap   total 258048K, used 10607K [0x0000000705e00000, 0x0000000800000000)
  region size 2048K, 4 young (8192K), 4 survivors (8192K)
 Metaspace       used 21281K, committed 21504K, reserved 1114112K
  class space    used 2556K, committed 2688K, reserved 1048576K
}
Event: 2.916 GC heap before
{Heap before GC invocations=4 (full 0):
 garbage-first heap   total 49152K, used 35183K [0x0000000705e00000, 0x0000000800000000)
  region size 2048K, 16 young (32768K), 4 survivors (8192K)
 Metaspace       used 24761K, committed 25088K, reserved 1114112K
  class space    used 2908K, committed 3072K, reserved 1048576K
}
Event: 2.924 GC heap after
{Heap after GC invocations=5 (full 0):
 garbage-first heap   total 49152K, used 15633K [0x0000000705e00000, 0x0000000800000000)
  region size 2048K, 2 young (4096K), 2 survivors (4096K)
 Metaspace       used 24761K, committed 25088K, reserved 1114112K
  class space    used 2908K, committed 3072K, reserved 1048576K
}
Event: 2.934 GC heap before
{Heap before GC invocations=5 (full 0):
 garbage-first heap   total 49152K, used 17681K [0x0000000705e00000, 0x0000000800000000)
  region size 2048K, 3 young (6144K), 2 survivors (4096K)
 Metaspace       used 24792K, committed 25088K, reserved 1114112K
  class space    used 2911K, committed 3072K, reserved 1048576K
}
Event: 2.938 GC heap after
{Heap after GC invocations=6 (full 0):
 garbage-first heap   total 49152K, used 17089K [0x0000000705e00000, 0x0000000800000000)
  region size 2048K, 1 young (2048K), 1 survivors (2048K)
 Metaspace       used 24792K, committed 25088K, reserved 1114112K
  class space    used 2911K, committed 3072K, reserved 1048576K
}
Event: 3.158 GC heap before
{Heap before GC invocations=6 (full 0):
 garbage-first heap   total 49152K, used 31425K [0x0000000705e00000, 0x0000000800000000)
  region size 2048K, 9 young (18432K), 1 survivors (2048K)
 Metaspace       used 25870K, committed 26176K, reserved 1114112K
  class space    used 3053K, committed 3200K, reserved 1048576K
}
Event: 3.165 GC heap after
{Heap after GC invocations=7 (full 0):
 garbage-first heap   total 153600K, used 20480K [0x0000000705e00000, 0x0000000800000000)
  region size 2048K, 2 young (4096K), 2 survivors (4096K)
 Metaspace       used 25870K, committed 26176K, reserved 1114112K
  class space    used 3053K, committed 3200K, reserved 1048576K
}

Dll operation events (8 events):
Event: 0.008 Loaded shared library C:\Program Files\OpenLogic\jdk-17.0.10.7-hotspot\bin\java.dll
Event: 0.065 Loaded shared library C:\Program Files\OpenLogic\jdk-17.0.10.7-hotspot\bin\jsvml.dll
Event: 0.127 Loaded shared library C:\Program Files\OpenLogic\jdk-17.0.10.7-hotspot\bin\net.dll
Event: 0.129 Loaded shared library C:\Program Files\OpenLogic\jdk-17.0.10.7-hotspot\bin\nio.dll
Event: 0.134 Loaded shared library C:\Program Files\OpenLogic\jdk-17.0.10.7-hotspot\bin\zip.dll
Event: 0.318 Loaded shared library C:\Program Files\OpenLogic\jdk-17.0.10.7-hotspot\bin\jimage.dll
Event: 0.332 Loaded shared library C:\Program Files\NetBeans-21\netbeans\java\maven\lib\jansi-native\Windows\x86_64\jansi.dll
Event: 0.353 Loaded shared library C:\Program Files\OpenLogic\jdk-17.0.10.7-hotspot\bin\verify.dll

Deoptimization events (20 events):
Event: 3.624 Thread 0x000001a6888402d0 Uncommon trap: trap_request=0xffffff45 fr.pc=0x000001a699341dbc relative=0x000000000000019c
Event: 3.624 Thread 0x000001a6888402d0 Uncommon trap: reason=unstable_if action=reinterpret pc=0x000001a699341dbc method=java.util.WeakHashMap.expungeStaleEntries()V @ 9 c2
Event: 3.624 Thread 0x000001a6888402d0 DEOPT PACKING pc=0x000001a699341dbc sp=0x00000038522fcdc0
Event: 3.624 Thread 0x000001a6888402d0 DEOPT UNPACKING pc=0x000001a698b769a3 sp=0x00000038522fcd58 mode 2
Event: 3.725 Thread 0x000001a6888402d0 Uncommon trap: trap_request=0xffffffbe fr.pc=0x000001a699365858 relative=0x0000000000001e78
Event: 3.725 Thread 0x000001a6888402d0 Uncommon trap: reason=profile_predicate action=maybe_recompile pc=0x000001a699365858 method=java.util.TimSort.binarySort([Ljava/lang/Object;IIILjava/util/Comparator;)V @ 34 c2
Event: 3.725 Thread 0x000001a6888402d0 DEOPT PACKING pc=0x000001a699365858 sp=0x00000038522fd320
Event: 3.725 Thread 0x000001a6888402d0 DEOPT UNPACKING pc=0x000001a698b769a3 sp=0x00000038522fd300 mode 2
Event: 3.725 Thread 0x000001a6888402d0 Uncommon trap: trap_request=0xffffffbe fr.pc=0x000001a699365858 relative=0x0000000000001e78
Event: 3.726 Thread 0x000001a6888402d0 Uncommon trap: reason=profile_predicate action=maybe_recompile pc=0x000001a699365858 method=java.util.TimSort.binarySort([Ljava/lang/Object;IIILjava/util/Comparator;)V @ 34 c2
Event: 3.726 Thread 0x000001a6888402d0 DEOPT PACKING pc=0x000001a699365858 sp=0x00000038522fd320
Event: 3.726 Thread 0x000001a6888402d0 DEOPT UNPACKING pc=0x000001a698b769a3 sp=0x00000038522fd300 mode 2
Event: 3.726 Thread 0x000001a6888402d0 Uncommon trap: trap_request=0xffffffbe fr.pc=0x000001a699365858 relative=0x0000000000001e78
Event: 3.726 Thread 0x000001a6888402d0 Uncommon trap: reason=profile_predicate action=maybe_recompile pc=0x000001a699365858 method=java.util.TimSort.binarySort([Ljava/lang/Object;IIILjava/util/Comparator;)V @ 34 c2
Event: 3.726 Thread 0x000001a6888402d0 DEOPT PACKING pc=0x000001a699365858 sp=0x00000038522fd320
Event: 3.726 Thread 0x000001a6888402d0 DEOPT UNPACKING pc=0x000001a698b769a3 sp=0x00000038522fd300 mode 2
Event: 3.726 Thread 0x000001a6888402d0 Uncommon trap: trap_request=0xffffffbe fr.pc=0x000001a699365858 relative=0x0000000000001e78
Event: 3.726 Thread 0x000001a6888402d0 Uncommon trap: reason=profile_predicate action=maybe_recompile pc=0x000001a699365858 method=java.util.TimSort.binarySort([Ljava/lang/Object;IIILjava/util/Comparator;)V @ 34 c2
Event: 3.726 Thread 0x000001a6888402d0 DEOPT PACKING pc=0x000001a699365858 sp=0x00000038522fd320
Event: 3.726 Thread 0x000001a6888402d0 DEOPT UNPACKING pc=0x000001a698b769a3 sp=0x00000038522fd300 mode 2

Classes unloaded (0 events):
No events

Classes redefined (0 events):
No events

Internal exceptions (20 events):
Event: 3.504 Thread 0x000001a6888402d0 Exception <a 'sun/nio/fs/WindowsException'{0x000000070da8db48}> (0x000000070da8db48) 
thrown [s\src\hotspot\share\prims\jni.cpp, line 516]
Event: 3.505 Thread 0x000001a6888402d0 Exception <a 'sun/nio/fs/WindowsException'{0x000000070da91ad8}> (0x000000070da91ad8) 
thrown [s\src\hotspot\share\prims\jni.cpp, line 516]
Event: 3.522 Thread 0x000001a6888402d0 Exception <a 'sun/nio/fs/WindowsException'{0x000000070db7e890}> (0x000000070db7e890) 
thrown [s\src\hotspot\share\prims\jni.cpp, line 516]
Event: 3.543 Thread 0x000001a6888402d0 Exception <a 'sun/nio/fs/WindowsException'{0x000000070d6c9f08}> (0x000000070d6c9f08) 
thrown [s\src\hotspot\share\prims\jni.cpp, line 516]
Event: 3.544 Thread 0x000001a6888402d0 Exception <a 'sun/nio/fs/WindowsException'{0x000000070d6cded0}> (0x000000070d6cded0) 
thrown [s\src\hotspot\share\prims\jni.cpp, line 516]
Event: 3.545 Thread 0x000001a6888402d0 Exception <a 'sun/nio/fs/WindowsException'{0x000000070d6d1b60}> (0x000000070d6d1b60) 
thrown [s\src\hotspot\share\prims\jni.cpp, line 516]
Event: 3.548 Thread 0x000001a6888402d0 Exception <a 'sun/nio/fs/WindowsException'{0x000000070d6ea498}> (0x000000070d6ea498) 
thrown [s\src\hotspot\share\prims\jni.cpp, line 516]
Event: 3.566 Thread 0x000001a6888402d0 Exception <a 'sun/nio/fs/WindowsException'{0x000000070d275eb0}> (0x000000070d275eb0) 
thrown [s\src\hotspot\share\prims\jni.cpp, line 516]
Event: 3.567 Thread 0x000001a6888402d0 Exception <a 'sun/nio/fs/WindowsException'{0x000000070d279e78}> (0x000000070d279e78) 
thrown [s\src\hotspot\share\prims\jni.cpp, line 516]
Event: 3.569 Thread 0x000001a6888402d0 Exception <a 'sun/nio/fs/WindowsException'{0x000000070d27db08}> (0x000000070d27db08) 
thrown [s\src\hotspot\share\prims\jni.cpp, line 516]
Event: 3.571 Thread 0x000001a6888402d0 Exception <a 'sun/nio/fs/WindowsException'{0x000000070d29a8c0}> (0x000000070d29a8c0) 
thrown [s\src\hotspot\share\prims\jni.cpp, line 516]
Event: 3.586 Thread 0x000001a6888402d0 Exception <a 'sun/nio/fs/WindowsException'{0x000000070d144d40}> (0x000000070d144d40) 
thrown [s\src\hotspot\share\prims\jni.cpp, line 516]
Event: 3.588 Thread 0x000001a6888402d0 Exception <a 'sun/nio/fs/WindowsException'{0x000000070d148ce8}> (0x000000070d148ce8) 
thrown [s\src\hotspot\share\prims\jni.cpp, line 516]
Event: 3.589 Thread 0x000001a6888402d0 Exception <a 'sun/nio/fs/WindowsException'{0x000000070d14cdc0}> (0x000000070d14cdc0) 
thrown [s\src\hotspot\share\prims\jni.cpp, line 516]
Event: 3.592 Thread 0x000001a6888402d0 Exception <a 'sun/nio/fs/WindowsException'{0x000000070d164880}> (0x000000070d164880) 
thrown [s\src\hotspot\share\prims\jni.cpp, line 516]
Event: 3.729 Thread 0x000001a6888402d0 Exception <a 'java/lang/NoSuchMethodError'{0x000000070caa79e0}: 'void java.lang.invoke.DirectMethodHandle$Holder.invokeStatic(java.lang.Object, long)'> (0x000000070caa79e0) 
thrown [s\src\hotspot\share\interpreter\linkResolver.cpp, line 759]
Event: 3.730 Thread 0x000001a6888402d0 Exception <a 'java/lang/NoSuchMethodError'{0x000000070caad030}: 'java.lang.Object java.lang.invoke.DirectMethodHandle$Holder.newInvokeSpecial(java.lang.Object, long)'> (0x000000070caad030) 
thrown [s\src\hotspot\share\interpreter\linkResolver.cpp, line 759]
Event: 3.734 Thread 0x000001a6888402d0 Exception <a 'java/lang/NoSuchMethodError'{0x000000070cab7968}: 'java.lang.Object java.lang.invoke.DirectMethodHandle$Holder.invokeStaticInit(java.lang.Object, java.lang.Object, long, java.lang.Object)'> (0x000000070cab7968) 
thrown [s\src\hotspot\share\interpreter\linkResolver.cpp, line 759]
Event: 3.735 Thread 0x000001a6888402d0 Exception <a 'java/lang/NoSuchMethodError'{0x000000070cabdfb0}: 'java.lang.Object java.lang.invoke.DirectMethodHandle$Holder.newInvokeSpecial(java.lang.Object, java.lang.Object, long)'> (0x000000070cabdfb0) 
thrown [s\src\hotspot\share\interpreter\linkResolver.cpp, line 759]
Event: 3.735 Thread 0x000001a6888402d0 Exception <a 'java/lang/NoSuchMethodError'{0x000000070cac1b20}: 'java.lang.Object java.lang.invoke.Invokers$Holder.linkToTargetMethod(java.lang.Object, long, java.lang.Object)'> (0x000000070cac1b20) 
thrown [s\src\hotspot\share\interpreter\linkResolver.cpp, line 759]

VM Operations (20 events):
Event: 3.349 Executing VM operation: HandshakeAllThreads
Event: 3.350 Executing VM operation: HandshakeAllThreads done
Event: 3.351 Executing VM operation: HandshakeAllThreads
Event: 3.351 Executing VM operation: HandshakeAllThreads done
Event: 3.357 Executing VM operation: ICBufferFull
Event: 3.357 Executing VM operation: ICBufferFull done
Event: 3.434 Executing VM operation: ICBufferFull
Event: 3.435 Executing VM operation: ICBufferFull done
Event: 3.514 Executing VM operation: HandshakeAllThreads
Event: 3.514 Executing VM operation: HandshakeAllThreads done
Event: 3.542 Executing VM operation: ICBufferFull
Event: 3.542 Executing VM operation: ICBufferFull done
Event: 3.725 Executing VM operation: ICBufferFull
Event: 3.725 Executing VM operation: ICBufferFull done
Event: 3.739 Executing VM operation: HandshakeAllThreads
Event: 3.750 Executing VM operation: HandshakeAllThreads done
Event: 3.764 Executing VM operation: HandshakeAllThreads
Event: 3.781 Executing VM operation: HandshakeAllThreads done
Event: 3.794 Executing VM operation: HandshakeAllThreads
Event: 3.794 Executing VM operation: HandshakeAllThreads done

Events (20 events):
Event: 3.797 Thread 0x000001a6ad4446f0 flushing nmethod 0x000001a691be7610
Event: 3.797 Thread 0x000001a6ad4446f0 flushing nmethod 0x000001a691bf6a10
Event: 3.797 Thread 0x000001a6ad4446f0 flushing nmethod 0x000001a691bfbb10
Event: 3.797 Thread 0x000001a6ad4446f0 flushing nmethod 0x000001a691c1bf90
Event: 3.797 Thread 0x000001a6ad4446f0 flushing nmethod 0x000001a691c47b90
Event: 3.797 Thread 0x000001a6ad4446f0 flushing nmethod 0x000001a691c48410
Event: 3.797 Thread 0x000001a6ad4446f0 flushing nmethod 0x000001a691c4ab90
Event: 3.797 Thread 0x000001a6ad4446f0 flushing nmethod 0x000001a691c53590
Event: 3.797 Thread 0x000001a6ad4446f0 flushing nmethod 0x000001a691c71a10
Event: 3.797 Thread 0x000001a6ad4446f0 flushing nmethod 0x000001a691c81810
Event: 3.797 Thread 0x000001a6ad4446f0 flushing nmethod 0x000001a691c81f10
Event: 3.797 Thread 0x000001a6ad4446f0 flushing nmethod 0x000001a691c83090
Event: 3.797 Thread 0x000001a6ad4446f0 flushing nmethod 0x000001a691c83790
Event: 3.797 Thread 0x000001a6ad4446f0 flushing nmethod 0x000001a691c86210
Event: 3.797 Thread 0x000001a6ad4446f0 flushing nmethod 0x000001a691c97a90
Event: 3.797 Thread 0x000001a6ad4446f0 flushing nmethod 0x000001a691c9ad10
Event: 3.797 Thread 0x000001a6ad4446f0 flushing nmethod 0x000001a691c9b690
Event: 3.797 Thread 0x000001a6ad4446f0 flushing nmethod 0x000001a691cce790
Event: 3.797 Thread 0x000001a6ad4446f0 flushing nmethod 0x000001a691d31c90
Event: 3.797 Thread 0x000001a6ad4446f0 flushing nmethod 0x000001a691d36610


Dynamic libraries:
0x00007ff7b60c0000 - 0x00007ff7b60ce000 	C:\Program Files\OpenLogic\jdk-17.0.10.7-hotspot\bin\java.exe
0x00007ffd8add0000 - 0x00007ffd8afe7000 	C:\WINDOWS\SYSTEM32\ntdll.dll
0x00007ffd89aa0000 - 0x00007ffd89b64000 	C:\WINDOWS\System32\KERNEL32.DLL
0x00007ffd88540000 - 0x00007ffd888e7000 	C:\WINDOWS\System32\KERNELBASE.dll
0x00007ffd881b0000 - 0x00007ffd882c1000 	C:\WINDOWS\System32\ucrtbase.dll
0x00007ffd73d60000 - 0x00007ffd73d77000 	C:\Program Files\OpenLogic\jdk-17.0.10.7-hotspot\bin\jli.dll
0x00007ffd898d0000 - 0x00007ffd89a7e000 	C:\WINDOWS\System32\USER32.dll
0x00007ffd88350000 - 0x00007ffd88376000 	C:\WINDOWS\System32\win32u.dll
0x00007ffd8a780000 - 0x00007ffd8a7a9000 	C:\WINDOWS\System32\GDI32.dll
0x00007ffd88420000 - 0x00007ffd88539000 	C:\WINDOWS\System32\gdi32full.dll
0x00007ffd888f0000 - 0x00007ffd8898a000 	C:\WINDOWS\System32\msvcp_win.dll
0x00007ffd7d7a0000 - 0x00007ffd7d7bb000 	C:\Program Files\OpenLogic\jdk-17.0.10.7-hotspot\bin\VCRUNTIME140.dll
0x00007ffd6ee00000 - 0x00007ffd6f093000 	C:\WINDOWS\WinSxS\amd64_microsoft.windows.common-controls_6595b64144ccf1df_6.0.22621.3527_none_270e469b73872a76\COMCTL32.dll
0x00007ffd88de0000 - 0x00007ffd88e87000 	C:\WINDOWS\System32\msvcrt.dll
0x00007ffd8a740000 - 0x00007ffd8a771000 	C:\WINDOWS\System32\IMM32.DLL
0x00007ffd846d0000 - 0x00007ffd846dc000 	C:\Program Files\OpenLogic\jdk-17.0.10.7-hotspot\bin\vcruntime140_1.dll
0x00007ffd66ec0000 - 0x00007ffd66f4d000 	C:\Program Files\OpenLogic\jdk-17.0.10.7-hotspot\bin\msvcp140.dll
0x00007ffd2b110000 - 0x00007ffd2bd72000 	C:\Program Files\OpenLogic\jdk-17.0.10.7-hotspot\bin\server\jvm.dll
0x00007ffd89660000 - 0x00007ffd89712000 	C:\WINDOWS\System32\ADVAPI32.dll
0x00007ffd89410000 - 0x00007ffd894b8000 	C:\WINDOWS\System32\sechost.dll
0x00007ffd88380000 - 0x00007ffd883a8000 	C:\WINDOWS\System32\bcrypt.dll
0x00007ffd88b00000 - 0x00007ffd88c15000 	C:\WINDOWS\System32\RPCRT4.dll
0x00007ffd87e00000 - 0x00007ffd87e4d000 	C:\WINDOWS\SYSTEM32\POWRPROF.dll
0x00007ffd7d700000 - 0x00007ffd7d734000 	C:\WINDOWS\SYSTEM32\WINMM.dll
0x00007ffd659b0000 - 0x00007ffd659b9000 	C:\WINDOWS\SYSTEM32\WSOCK32.dll
0x00007ffd89570000 - 0x00007ffd895e1000 	C:\WINDOWS\System32\WS2_32.dll
0x00007ffd72d00000 - 0x00007ffd72d0a000 	C:\WINDOWS\SYSTEM32\VERSION.dll
0x00007ffd87de0000 - 0x00007ffd87df3000 	C:\WINDOWS\SYSTEM32\UMPDC.dll
0x00007ffd870e0000 - 0x00007ffd870f8000 	C:\WINDOWS\SYSTEM32\kernel.appcore.dll
0x00007ffd84610000 - 0x00007ffd8461a000 	C:\Program Files\OpenLogic\jdk-17.0.10.7-hotspot\bin\jimage.dll
0x00007ffd859b0000 - 0x00007ffd85be2000 	C:\WINDOWS\SYSTEM32\DBGHELP.DLL
0x00007ffd8a980000 - 0x00007ffd8ad08000 	C:\WINDOWS\System32\combase.dll
0x00007ffd8a810000 - 0x00007ffd8a8e7000 	C:\WINDOWS\System32\OLEAUT32.dll
0x00007ffd714a0000 - 0x00007ffd714d2000 	C:\WINDOWS\SYSTEM32\dbgcore.DLL
0x00007ffd882d0000 - 0x00007ffd88349000 	C:\WINDOWS\System32\bcryptPrimitives.dll
0x00007ffd74740000 - 0x00007ffd74765000 	C:\Program Files\OpenLogic\jdk-17.0.10.7-hotspot\bin\java.dll
0x00007ffd633f0000 - 0x00007ffd634c6000 	C:\Program Files\OpenLogic\jdk-17.0.10.7-hotspot\bin\jsvml.dll
0x00007ffd89d70000 - 0x00007ffd8a5cc000 	C:\WINDOWS\System32\SHELL32.dll
0x00007ffd85fe0000 - 0x00007ffd868d6000 	C:\WINDOWS\SYSTEM32\windows.storage.dll
0x00007ffd85ea0000 - 0x00007ffd85fde000 	C:\WINDOWS\SYSTEM32\wintypes.dll
0x00007ffd89b70000 - 0x00007ffd89c65000 	C:\WINDOWS\System32\SHCORE.dll
0x00007ffd89d10000 - 0x00007ffd89d6e000 	C:\WINDOWS\System32\shlwapi.dll
0x00007ffd88020000 - 0x00007ffd88041000 	C:\WINDOWS\SYSTEM32\profapi.dll
0x00007ffd73da0000 - 0x00007ffd73db9000 	C:\Program Files\OpenLogic\jdk-17.0.10.7-hotspot\bin\net.dll
0x00007ffd825b0000 - 0x00007ffd826e6000 	C:\WINDOWS\SYSTEM32\WINHTTP.dll
0x00007ffd87580000 - 0x00007ffd875e9000 	C:\WINDOWS\system32\mswsock.dll
0x00007ffd73d80000 - 0x00007ffd73d96000 	C:\Program Files\OpenLogic\jdk-17.0.10.7-hotspot\bin\nio.dll
0x00007ffd738b0000 - 0x00007ffd738c8000 	C:\Program Files\OpenLogic\jdk-17.0.10.7-hotspot\bin\zip.dll
0x0000000069ac0000 - 0x0000000069ae4000 	C:\Program Files\NetBeans-21\netbeans\java\maven\lib\jansi-native\Windows\x86_64\jansi.dll
0x00007ffd7d870000 - 0x00007ffd7d880000 	C:\Program Files\OpenLogic\jdk-17.0.10.7-hotspot\bin\verify.dll

dbghelp: loaded successfully - version: 4.0.5 - missing functions: none
symbol engine: initialized successfully - sym options: 0x614 - pdb path: .;C:\Program Files\OpenLogic\jdk-17.0.10.7-hotspot\bin;C:\WINDOWS\SYSTEM32;C:\WINDOWS\WinSxS\amd64_microsoft.windows.common-controls_6595b64144ccf1df_6.0.22621.3527_none_270e469b73872a76;C:\Program Files\OpenLogic\jdk-17.0.10.7-hotspot\bin\server;C:\Program Files\NetBeans-21\netbeans\java\maven\lib\jansi-native\Windows\x86_64

VM Arguments:
jvm_args: -Dclassworlds.conf=C:\Program Files\NetBeans-21\netbeans\java\maven\bin\m2.conf -Dmaven.home=C:\Program Files\NetBeans-21\netbeans\java\maven -Dlibrary.jansi.path=C:\Program Files\NetBeans-21\netbeans\java\maven\lib\jansi-native -Dmaven.multiModuleProjectDirectory=C:\Users\skr\OneDrive\Documents\NetBeansProjects\pharmacy 
java_command: org.codehaus.plexus.classworlds.launcher.Launcher -Dexec.vmArgs= -Dexec.args=${exec.vmArgs} -classpath %classpath ${exec.mainClass} ${exec.appArgs} -Dexec.executable=C:\Program Files\OpenLogic\jdk-17.0.10.7-hotspot\bin\java.exe -Dexec.mainClass=com.mycompany.pharmacy.CustomerHomePage -Dexec.classpathScope=runtime -Dexec.appArgs= -Dmaven.ext.class.path=C:\Program Files\NetBeans-21\netbeans\java\maven-nblib\netbeans-eventspy.jar --no-transfer-progress process-classes org.codehaus.mojo:exec-maven-plugin:3.1.0:exec
java_class_path (initial): C:\Program Files\NetBeans-21\netbeans\java\maven\boot\plexus-classworlds-2.7.0.jar
Launcher Type: SUN_STANDARD

[Global flags]
     intx CICompilerCount                          = 12                                        {product} {ergonomic}
     uint ConcGCThreads                            = 3                                         {product} {ergonomic}
     uint G1ConcRefinementThreads                  = 13                                        {product} {ergonomic}
   size_t G1HeapRegionSize                         = 2097152                                   {product} {ergonomic}
    uintx GCDrainStackTargetSize                   = 64                                        {product} {ergonomic}
   size_t InitialHeapSize                          = 264241152                                 {product} {ergonomic}
   size_t MarkStackSize                            = 4194304                                   {product} {ergonomic}
   size_t MaxHeapSize                              = 4196401152                                {product} {ergonomic}
   size_t MaxNewSize                               = 2516582400                                {product} {ergonomic}
   size_t MinHeapDeltaBytes                        = 2097152                                   {product} {ergonomic}
   size_t MinHeapSize                              = 8388608                                   {product} {ergonomic}
    uintx NonNMethodCodeHeapSize                   = 7602480                                {pd product} {ergonomic}
    uintx NonProfiledCodeHeapSize                  = 122027880                              {pd product} {ergonomic}
    uintx ProfiledCodeHeapSize                     = 122027880                              {pd product} {ergonomic}
    uintx ReservedCodeCacheSize                    = 251658240                              {pd product} {ergonomic}
     bool SegmentedCodeCache                       = true                                      {product} {ergonomic}
   size_t SoftMaxHeapSize                          = 4196401152                             {manageable} {ergonomic}
     bool UseCompressedClassPointers               = true                           {product lp64_product} {ergonomic}
     bool UseCompressedOops                        = true                           {product lp64_product} {ergonomic}
     bool UseG1GC                                  = true                                      {product} {ergonomic}
     bool UseLargePagesIndividualAllocation        = false                                  {pd product} {ergonomic}

Logging:
Log output configuration:
 #0: stdout all=warning uptime,level,tags
 #1: stderr all=off uptime,level,tags

Environment Variables:
JAVA_HOME=C:\Program Files\OpenLogic\jdk-17.0.10.7-hotspot
PATH=C:\Program Files (x86)\Common Files\Oracle\Java\java8path;C:\Program Files (x86)\Common Files\Oracle\Java\javapath;E:\orclsql\WINDOWS.X64_193000_db_home\bin;C:\Program Files\OpenLogic\jdk-17.0.10.7-hotspot\bin;C:\ProgramData\Oracle\Java\javapath;C:\WINDOWS\system32;C:\WINDOWS;C:\WINDOWS\System32\Wbem;C:\WINDOWS\System32\WindowsPowerShell\v1.0\;C:\WINDOWS\System32\OpenSSH\;C:\Program Files (x86)\NVIDIA Corporation\PhysX\Common;C:\TDM-GCC-64\bin;C:\Program Files\Git\cmd;C:\Program Files\Git\mingw64\bin;C:\Program Files\Git\usr\bin;%QUARTUS_ROOTDIR%\bin;C:\Program Files\dotnet\;C:\Program Files\OpenLogic\jdk-17.0.10.7-hotspot;C:\Users\skr\AppData\Local\Android\Sdk;C:\Users\skr\AppData\Local\Android\Sdk\platform-tools;C:\Users\skr\AppData\Local\Android\Sdk\emulator;C:\Program Files\nodejs\;C:\Program Files\MySQL\MySQL Shell 8.0\bin\;C:\Users\skr\AppData\Local\Programs\Python\Python311\Scripts\;C:\Users\skr\AppData\Local\Programs\Python\Python311\;C:\Users\skr\AppData\Local\Microsoft\WindowsApps;C:\Program Files\JetBrains\PyCharm Community Edition 2022.3.2\bin;C:\Program Files\Java\jdk-20\bin;C:\Users\skr\AppData\Local\Programs\Microsoft VS Code\bin;C:\TDM-GCC-64\bin;C:\src\flutter\bin;C:\Program Files\JetBrains\IntelliJ IDEA Community Edition 2023.2.5\bin;C:\Users\skr\AppData\Local\JetBrains\Toolbox\scripts;C:\Program Files\OpenLogic\jdk-17.0.10.7-hotspot;C:\Users\skr\AppData\Local\Android\Sdk;C:\Users\skr\AppData\Local\Android\Sdk\emulator;C:\Users\skr\AppData\Local\Android\Sdk\cmdline-tools;C:\Users\skr\AppData\Local\Android\Sdk\platform-tools;C:\Users\skr\AppData\Roaming\npm
USERNAME=skr
OS=Windows_NT
PROCESSOR_IDENTIFIER=Intel64 Family 6 Model 154 Stepping 3, GenuineIntel
TMP=C:\Users\skr\AppData\Local\Temp
TEMP=C:\Users\skr\AppData\Local\Temp



Periodic native trim disabled


---------------  S Y S T E M  ---------------

OS:
 Windows 11 , 64 bit Build 22621 (10.0.22621.3527)
OS uptime: 0 days 19:22 hours
Hyper-V role detected

CPU: total 16 (initial active 16) (8 cores per cpu, 2 threads per core) family 6 model 154 stepping 3 microcode 0x42c, cx8, cmov, fxsr, ht, mmx, 3dnowpref, sse, sse2, sse3, ssse3, sse4.1, sse4.2, popcnt, lzcnt, tsc, tscinvbit, avx, avx2, aes, erms, clmul, bmi1, bmi2, adx, sha, fma, vzeroupper, clflush, clflushopt, clwb, hv
Processor Information for processor 0
  Max Mhz: 2500, Current Mhz: 2500, Mhz Limit: 2500
Processor Information for processor 1
  Max Mhz: 2500, Current Mhz: 2500, Mhz Limit: 2500
Processor Information for processor 2
  Max Mhz: 2500, Current Mhz: 2500, Mhz Limit: 2500
Processor Information for processor 3
  Max Mhz: 2500, Current Mhz: 2500, Mhz Limit: 2500
Processor Information for processor 4
  Max Mhz: 2500, Current Mhz: 2500, Mhz Limit: 2500
Processor Information for processor 5
  Max Mhz: 2500, Current Mhz: 2500, Mhz Limit: 2500
Processor Information for processor 6
  Max Mhz: 2500, Current Mhz: 2500, Mhz Limit: 2500
Processor Information for processor 7
  Max Mhz: 2500, Current Mhz: 2500, Mhz Limit: 2500
Processor Information for processor 8
  Max Mhz: 2500, Current Mhz: 1800, Mhz Limit: 1800
Processor Information for processor 9
  Max Mhz: 2500, Current Mhz: 1500, Mhz Limit: 1800
Processor Information for processor 10
  Max Mhz: 2500, Current Mhz: 1500, Mhz Limit: 1800
Processor Information for processor 11
  Max Mhz: 2500, Current Mhz: 1500, Mhz Limit: 1800
Processor Information for processor 12
  Max Mhz: 2500, Current Mhz: 1500, Mhz Limit: 1800
Processor Information for processor 13
  Max Mhz: 2500, Current Mhz: 1500, Mhz Limit: 1800
Processor Information for processor 14
  Max Mhz: 2500, Current Mhz: 1500, Mhz Limit: 1800
Processor Information for processor 15
  Max Mhz: 2500, Current Mhz: 1500, Mhz Limit: 1800

Memory: 4k page, system-wide physical 16004M (5095M free)
TotalPageFile size 18900M (AvailPageFile size 3M)
current process WorkingSet (physical memory assigned to process): 263M, peak: 278M
current process commit charge ("private bytes"): 381M, peak: 421M

vm_info: OpenJDK 64-Bit Server VM (17.0.10+7-adhoc..jdk17u) for windows-amd64 JRE (17.0.10+7-adhoc..jdk17u), built on Jan 24 2024 08:51:31 by "" with MS VC++ 16.10 / 16.11 (VS2019)

END.
