#
# There is insufficient memory for the Java Runtime Environment to continue.
# Native memory allocation (mmap) failed to map 65536 bytes for Failed to commit metaspace.
# Possible reasons:
#   The system is out of physical RAM or swap space
#   The process is running with CompressedOops enabled, and the Java Heap may be blocking the growth of the native heap
# Possible solutions:
#   Reduce memory load on the system
#   Increase physical memory or swap space
#   Check if swap backing store is full
#   Decrease Java heap size (-Xmx/-Xms)
#   Decrease number of Java threads
#   Decrease Java thread stack sizes (-Xss)
#   Set larger code cache with -XX:ReservedCodeCacheSize=
#   JVM is running with Zero Based Compressed Oops mode in which the Java heap is
#     placed in the first 32GB address space. The Java Heap base address is the
#     maximum limit for the native heap growth. Please use -XX:HeapBaseMinAddress
#     to set the Java Heap base and to place the Java Heap above 32GB virtual address.
# This output file may be truncated or incomplete.
#
#  Out of Memory Error (virtualSpaceNode.cpp:110), pid=7924, tid=8160
#
# JRE version: OpenJDK Runtime Environment OpenLogic-OpenJDK (17.0.10+7) (build 17.0.10+7-adhoc..jdk17u)
# Java VM: OpenJDK 64-Bit Server VM OpenLogic-OpenJDK (17.0.10+7-adhoc..jdk17u, mixed mode, tiered, compressed oops, compressed class ptrs, g1 gc, windows-amd64)
# No core dump will be written. Minidumps are not enabled by default on client versions of Windows
#

---------------  S U M M A R Y ------------

Command Line: com.mycompany.pharmacy.CustomerHomePage

Host: 12th Gen Intel(R) Core(TM) i5-12500H, 16 cores, 15G,  Windows 11 , 64 bit Build 22621 (10.0.22621.3527)
Time: Wed Jun 12 18:48:52 2024 India Standard Time elapsed time: 0.070019 seconds (0d 0h 0m 0s)

---------------  T H R E A D  ---------------

Current thread (0x000002bdc92b1590):  JavaThread "main" [_thread_in_vm, id=8160, stack(0x000000ddd6200000,0x000000ddd6300000)]

Stack: [0x000000ddd6200000,0x000000ddd6300000]
Native frames: (J=compiled Java code, j=interpreted, Vv=VM code, C=native code)
V  [jvm.dll+0x67d6e9]
V  [jvm.dll+0x834dca]
V  [jvm.dll+0x83688e]
V  [jvm.dll+0x836ef3]
V  [jvm.dll+0x247bdf]
V  [jvm.dll+0x830a8b]
V  [jvm.dll+0x622136]
V  [jvm.dll+0x62219a]
V  [jvm.dll+0x6249ca]
V  [jvm.dll+0x622ad6]
V  [jvm.dll+0x23c12f]
V  [jvm.dll+0x62c985]
V  [jvm.dll+0x1eb92b]
V  [jvm.dll+0x1ebe65]
V  [jvm.dll+0x1ec920]
V  [jvm.dll+0x1e1d21]
V  [jvm.dll+0x542bbe]
V  [jvm.dll+0x1f2767]
V  [jvm.dll+0x7ae25b]
V  [jvm.dll+0x7af62c]
V  [jvm.dll+0x7af978]
V  [jvm.dll+0x23feae]
V  [jvm.dll+0x382ff6]
C  0x000002bdd95ab90a

The last pc belongs to anewarray (printed below).
Java frames: (J=compiled Java code, j=interpreted, Vv=VM code)
j  java.util.WeakHashMap.newTable(I)[Ljava/util/WeakHashMap$Entry;+1 java.base
j  java.util.WeakHashMap.<init>(IF)V+112 java.base
j  java.util.WeakHashMap.<init>()V+5 java.base
j  java.lang.ClassLoader$ParallelLoaders.<clinit>()V+4 java.base
v  ~StubRoutines::call_stub
j  java.lang.ClassLoader.registerAsParallelCapable()Z+10 java.base
j  java.security.SecureClassLoader.<clinit>()V+0 java.base
v  ~StubRoutines::call_stub
j  jdk.internal.loader.ClassLoaders.<clinit>()V+80 java.base
v  ~StubRoutines::call_stub
j  jdk.internal.loader.BootLoader.loadModule(Ljava/lang/module/ModuleReference;)V+0 java.base
j  jdk.internal.module.ModuleBootstrap.boot2()Ljava/lang/ModuleLayer;+352 java.base
j  jdk.internal.module.ModuleBootstrap.boot()Ljava/lang/ModuleLayer;+64 java.base
j  java.lang.System.initPhase2(ZZ)I+0 java.base
v  ~StubRoutines::call_stub
anewarray  189 anewarray  [0x000002bdd95ab8a0, 0x000002bdd95ab9a0]  256 bytes
[MachCode]
  0x000002bdd95ab8a0: 8b04 2448 | 83c4 0845 | 0fb7 4501 | 410f c841 | c1e8 1048 | 8b55 e848 | 8b52 0848 | 8b52 08e8 
  0x000002bdd95ab8c0: 0500 0000 | e9ad 0000 | 004c 8bc8 | 488d 4424 | 084c 896d | c049 8bcf | c5f8 7749 | 89af a802 
  0x000002bdd95ab8e0: 0000 4989 | 8798 0200 | 0048 83ec | 20f7 c40f | 0000 000f | 841a 0000 | 0048 83ec | 0849 baa0 
  0x000002bdd95ab900: 2f49 2bfd | 7f00 0041 | ffd2 4883 | c408 e90d | 0000 0049 | baa0 2f49 | 2bfd 7f00 | 0041 ffd2 
  0x000002bdd95ab920: 4883 c420 | 49c7 8798 | 0200 0000 | 0000 0049 | c787 a802 | 0000 0000 | 0000 49c7 | 87a0 0200 
  0x000002bdd95ab940: 0000 0000 | 00c5 f877 | 4981 7f08 | 0000 0000 | 0f84 0500 | 0000 e9a5 | 55fe ff49 | 8b87 f002 
  0x000002bdd95ab960: 0000 49c7 | 87f0 0200 | 0000 0000 | 004c 8b6d | c04c 8b75 | c8c3 410f | b65d 0349 | 83c5 0349 
  0x000002bdd95ab980: ba90 a1cb | 2bfd 7f00 | 0041 ff24 | da66 6690 | 0000 0000 | 0000 0000 | 0000 0000 | 0000 0000 
[/MachCode]

---------------  P R O C E S S  ---------------

Threads class SMR info:
_java_thread_list=0x000002bd800a0b60, length=10, elements={
0x000002bdc92b1590, 0x000002bd800c2260, 0x000002bd800c30e0, 0x000002bd80109cb0,
0x000002bd8010a580, 0x000002bd801042d0, 0x000002bd80104c90, 0x000002bd800f9240,
0x000002bd800fa050, 0x000002bd800fca60
}

Java Threads: ( => current thread )
=>0x000002bdc92b1590 JavaThread "main" [_thread_in_vm, id=8160, stack(0x000000ddd6200000,0x000000ddd6300000)]
  0x000002bd800c2260 JavaThread "Reference Handler" daemon [_thread_blocked, id=10156, stack(0x000000ddd6900000,0x000000ddd6a00000)]
  0x000002bd800c30e0 JavaThread "Finalizer" daemon [_thread_blocked, id=6108, stack(0x000000ddd6a00000,0x000000ddd6b00000)]
  0x000002bd80109cb0 JavaThread "Signal Dispatcher" daemon [_thread_blocked, id=15948, stack(0x000000ddd6b00000,0x000000ddd6c00000)]
  0x000002bd8010a580 JavaThread "Attach Listener" daemon [_thread_blocked, id=5748, stack(0x000000ddd6c00000,0x000000ddd6d00000)]
  0x000002bd801042d0 JavaThread "Service Thread" daemon [_thread_blocked, id=11696, stack(0x000000ddd6d00000,0x000000ddd6e00000)]
  0x000002bd80104c90 JavaThread "Monitor Deflation Thread" daemon [_thread_blocked, id=17328, stack(0x000000ddd6e00000,0x000000ddd6f00000)]
  0x000002bd800f9240 JavaThread "C2 CompilerThread0" daemon [_thread_blocked, id=12732, stack(0x000000ddd6f00000,0x000000ddd7000000)]
  0x000002bd800fa050 JavaThread "C1 CompilerThread0" daemon [_thread_blocked, id=15972, stack(0x000000ddd7000000,0x000000ddd7100000)]
  0x000002bd800fca60 JavaThread "Sweeper thread" daemon [_thread_blocked, id=16824, stack(0x000000ddd7100000,0x000000ddd7200000)]

Other Threads:
  0x000002bdedc5e710 VMThread "VM Thread" [stack: 0x000000ddd6800000,0x000000ddd6900000] [id=13000]
  0x000002bdc931edd0 GCTaskThread "GC Thread#0" [stack: 0x000000ddd6300000,0x000000ddd6400000] [id=11004]
  0x000002bdc932f730 ConcurrentGCThread "G1 Main Marker" [stack: 0x000000ddd6400000,0x000000ddd6500000] [id=8712]
  0x000002bdc9330150 ConcurrentGCThread "G1 Conc#0" [stack: 0x000000ddd6500000,0x000000ddd6600000] [id=16568]
  0x000002bdedb57f30 ConcurrentGCThread "G1 Refine#0" [stack: 0x000000ddd6600000,0x000000ddd6700000] [id=13436]
  0x000002bdedb58960 ConcurrentGCThread "G1 Service" [stack: 0x000000ddd6700000,0x000000ddd6800000] [id=3884]

Threads with active compile tasks:

VM state: not at safepoint (normal execution)

VM Mutex/Monitor currently owned by a thread:  ([mutex/lock_event])
[0x000002bdc92ac3d0] Metaspace_lock - owner thread: 0x000002bdc92b1590

Heap address: 0x0000000705e00000, size: 4002 MB, Compressed Oops mode: Zero based, Oop shift amount: 3

CDS archive(s) not mapped
Compressed class space mapped at: 0x0000000800000000-0x0000000840000000, reserved size: 1073741824
Narrow klass base: 0x0000000800000000, Narrow klass shift: 0, Narrow klass range: 0x40000000

GC Precious Log:
 CPUs: 16 total, 16 available
 Memory: 16004M
 Large Page Support: Disabled
 NUMA Support: Disabled
 Compressed Oops: Enabled (Zero based)
 Heap Region Size: 2M
 Heap Min Capacity: 8M
 Heap Initial Capacity: 252M
 Heap Max Capacity: 4002M
 Pre-touch: Disabled
 Parallel Workers: 13
 Concurrent Workers: 3
 Concurrent Refinement Workers: 13
 Periodic GC: Disabled

Heap:
 garbage-first heap   total 258048K, used 0K [0x0000000705e00000, 0x0000000800000000)
  region size 2048K, 1 young (2048K), 0 survivors (0K)
 Metaspace       used 3188K, committed 3200K, reserved 1114112K
  class space    used 244K, committed 256K, reserved 1048576K

Heap Regions: E=young(eden), S=young(survivor), O=old, HS=humongous(starts), HC=humongous(continues), CS=collection set, F=free, OA=open archive, CA=closed archive, TAMS=top-at-mark-start (previous, next)
|   0|0x0000000705e00000, 0x0000000705e00000, 0x0000000706000000|  0%| F|  |TAMS 0x0000000705e00000, 0x0000000705e00000| Untracked 
|   1|0x0000000706000000, 0x0000000706000000, 0x0000000706200000|  0%| F|  |TAMS 0x0000000706000000, 0x0000000706000000| Untracked 
|   2|0x0000000706200000, 0x0000000706200000, 0x0000000706400000|  0%| F|  |TAMS 0x0000000706200000, 0x0000000706200000| Untracked 
|   3|0x0000000706400000, 0x0000000706400000, 0x0000000706600000|  0%| F|  |TAMS 0x0000000706400000, 0x0000000706400000| Untracked 
|   4|0x0000000706600000, 0x0000000706600000, 0x0000000706800000|  0%| F|  |TAMS 0x0000000706600000, 0x0000000706600000| Untracked 
|   5|0x0000000706800000, 0x0000000706800000, 0x0000000706a00000|  0%| F|  |TAMS 0x0000000706800000, 0x0000000706800000| Untracked 
|   6|0x0000000706a00000, 0x0000000706a00000, 0x0000000706c00000|  0%| F|  |TAMS 0x0000000706a00000, 0x0000000706a00000| Untracked 
|   7|0x0000000706c00000, 0x0000000706c00000, 0x0000000706e00000|  0%| F|  |TAMS 0x0000000706c00000, 0x0000000706c00000| Untracked 
|   8|0x0000000706e00000, 0x0000000706e00000, 0x0000000707000000|  0%| F|  |TAMS 0x0000000706e00000, 0x0000000706e00000| Untracked 
|   9|0x0000000707000000, 0x0000000707000000, 0x0000000707200000|  0%| F|  |TAMS 0x0000000707000000, 0x0000000707000000| Untracked 
|  10|0x0000000707200000, 0x0000000707200000, 0x0000000707400000|  0%| F|  |TAMS 0x0000000707200000, 0x0000000707200000| Untracked 
|  11|0x0000000707400000, 0x0000000707400000, 0x0000000707600000|  0%| F|  |TAMS 0x0000000707400000, 0x0000000707400000| Untracked 
|  12|0x0000000707600000, 0x0000000707600000, 0x0000000707800000|  0%| F|  |TAMS 0x0000000707600000, 0x0000000707600000| Untracked 
|  13|0x0000000707800000, 0x0000000707800000, 0x0000000707a00000|  0%| F|  |TAMS 0x0000000707800000, 0x0000000707800000| Untracked 
|  14|0x0000000707a00000, 0x0000000707a00000, 0x0000000707c00000|  0%| F|  |TAMS 0x0000000707a00000, 0x0000000707a00000| Untracked 
|  15|0x0000000707c00000, 0x0000000707c00000, 0x0000000707e00000|  0%| F|  |TAMS 0x0000000707c00000, 0x0000000707c00000| Untracked 
|  16|0x0000000707e00000, 0x0000000707e00000, 0x0000000708000000|  0%| F|  |TAMS 0x0000000707e00000, 0x0000000707e00000| Untracked 
|  17|0x0000000708000000, 0x0000000708000000, 0x0000000708200000|  0%| F|  |TAMS 0x0000000708000000, 0x0000000708000000| Untracked 
|  18|0x0000000708200000, 0x0000000708200000, 0x0000000708400000|  0%| F|  |TAMS 0x0000000708200000, 0x0000000708200000| Untracked 
|  19|0x0000000708400000, 0x0000000708400000, 0x0000000708600000|  0%| F|  |TAMS 0x0000000708400000, 0x0000000708400000| Untracked 
|  20|0x0000000708600000, 0x0000000708600000, 0x0000000708800000|  0%| F|  |TAMS 0x0000000708600000, 0x0000000708600000| Untracked 
|  21|0x0000000708800000, 0x0000000708800000, 0x0000000708a00000|  0%| F|  |TAMS 0x0000000708800000, 0x0000000708800000| Untracked 
|  22|0x0000000708a00000, 0x0000000708a00000, 0x0000000708c00000|  0%| F|  |TAMS 0x0000000708a00000, 0x0000000708a00000| Untracked 
|  23|0x0000000708c00000, 0x0000000708c00000, 0x0000000708e00000|  0%| F|  |TAMS 0x0000000708c00000, 0x0000000708c00000| Untracked 
|  24|0x0000000708e00000, 0x0000000708e00000, 0x0000000709000000|  0%| F|  |TAMS 0x0000000708e00000, 0x0000000708e00000| Untracked 
|  25|0x0000000709000000, 0x0000000709000000, 0x0000000709200000|  0%| F|  |TAMS 0x0000000709000000, 0x0000000709000000| Untracked 
|  26|0x0000000709200000, 0x0000000709200000, 0x0000000709400000|  0%| F|  |TAMS 0x0000000709200000, 0x0000000709200000| Untracked 
|  27|0x0000000709400000, 0x0000000709400000, 0x0000000709600000|  0%| F|  |TAMS 0x0000000709400000, 0x0000000709400000| Untracked 
|  28|0x0000000709600000, 0x0000000709600000, 0x0000000709800000|  0%| F|  |TAMS 0x0000000709600000, 0x0000000709600000| Untracked 
|  29|0x0000000709800000, 0x0000000709800000, 0x0000000709a00000|  0%| F|  |TAMS 0x0000000709800000, 0x0000000709800000| Untracked 
|  30|0x0000000709a00000, 0x0000000709a00000, 0x0000000709c00000|  0%| F|  |TAMS 0x0000000709a00000, 0x0000000709a00000| Untracked 
|  31|0x0000000709c00000, 0x0000000709c00000, 0x0000000709e00000|  0%| F|  |TAMS 0x0000000709c00000, 0x0000000709c00000| Untracked 
|  32|0x0000000709e00000, 0x0000000709e00000, 0x000000070a000000|  0%| F|  |TAMS 0x0000000709e00000, 0x0000000709e00000| Untracked 
|  33|0x000000070a000000, 0x000000070a000000, 0x000000070a200000|  0%| F|  |TAMS 0x000000070a000000, 0x000000070a000000| Untracked 
|  34|0x000000070a200000, 0x000000070a200000, 0x000000070a400000|  0%| F|  |TAMS 0x000000070a200000, 0x000000070a200000| Untracked 
|  35|0x000000070a400000, 0x000000070a400000, 0x000000070a600000|  0%| F|  |TAMS 0x000000070a400000, 0x000000070a400000| Untracked 
|  36|0x000000070a600000, 0x000000070a600000, 0x000000070a800000|  0%| F|  |TAMS 0x000000070a600000, 0x000000070a600000| Untracked 
|  37|0x000000070a800000, 0x000000070a800000, 0x000000070aa00000|  0%| F|  |TAMS 0x000000070a800000, 0x000000070a800000| Untracked 
|  38|0x000000070aa00000, 0x000000070aa00000, 0x000000070ac00000|  0%| F|  |TAMS 0x000000070aa00000, 0x000000070aa00000| Untracked 
|  39|0x000000070ac00000, 0x000000070ac00000, 0x000000070ae00000|  0%| F|  |TAMS 0x000000070ac00000, 0x000000070ac00000| Untracked 
|  40|0x000000070ae00000, 0x000000070ae00000, 0x000000070b000000|  0%| F|  |TAMS 0x000000070ae00000, 0x000000070ae00000| Untracked 
|  41|0x000000070b000000, 0x000000070b000000, 0x000000070b200000|  0%| F|  |TAMS 0x000000070b000000, 0x000000070b000000| Untracked 
|  42|0x000000070b200000, 0x000000070b200000, 0x000000070b400000|  0%| F|  |TAMS 0x000000070b200000, 0x000000070b200000| Untracked 
|  43|0x000000070b400000, 0x000000070b400000, 0x000000070b600000|  0%| F|  |TAMS 0x000000070b400000, 0x000000070b400000| Untracked 
|  44|0x000000070b600000, 0x000000070b600000, 0x000000070b800000|  0%| F|  |TAMS 0x000000070b600000, 0x000000070b600000| Untracked 
|  45|0x000000070b800000, 0x000000070b800000, 0x000000070ba00000|  0%| F|  |TAMS 0x000000070b800000, 0x000000070b800000| Untracked 
|  46|0x000000070ba00000, 0x000000070ba00000, 0x000000070bc00000|  0%| F|  |TAMS 0x000000070ba00000, 0x000000070ba00000| Untracked 
|  47|0x000000070bc00000, 0x000000070bc00000, 0x000000070be00000|  0%| F|  |TAMS 0x000000070bc00000, 0x000000070bc00000| Untracked 
|  48|0x000000070be00000, 0x000000070be00000, 0x000000070c000000|  0%| F|  |TAMS 0x000000070be00000, 0x000000070be00000| Untracked 
|  49|0x000000070c000000, 0x000000070c000000, 0x000000070c200000|  0%| F|  |TAMS 0x000000070c000000, 0x000000070c000000| Untracked 
|  50|0x000000070c200000, 0x000000070c200000, 0x000000070c400000|  0%| F|  |TAMS 0x000000070c200000, 0x000000070c200000| Untracked 
|  51|0x000000070c400000, 0x000000070c400000, 0x000000070c600000|  0%| F|  |TAMS 0x000000070c400000, 0x000000070c400000| Untracked 
|  52|0x000000070c600000, 0x000000070c600000, 0x000000070c800000|  0%| F|  |TAMS 0x000000070c600000, 0x000000070c600000| Untracked 
|  53|0x000000070c800000, 0x000000070c800000, 0x000000070ca00000|  0%| F|  |TAMS 0x000000070c800000, 0x000000070c800000| Untracked 
|  54|0x000000070ca00000, 0x000000070ca00000, 0x000000070cc00000|  0%| F|  |TAMS 0x000000070ca00000, 0x000000070ca00000| Untracked 
|  55|0x000000070cc00000, 0x000000070cc00000, 0x000000070ce00000|  0%| F|  |TAMS 0x000000070cc00000, 0x000000070cc00000| Untracked 
|  56|0x000000070ce00000, 0x000000070ce00000, 0x000000070d000000|  0%| F|  |TAMS 0x000000070ce00000, 0x000000070ce00000| Untracked 
|  57|0x000000070d000000, 0x000000070d000000, 0x000000070d200000|  0%| F|  |TAMS 0x000000070d000000, 0x000000070d000000| Untracked 
|  58|0x000000070d200000, 0x000000070d200000, 0x000000070d400000|  0%| F|  |TAMS 0x000000070d200000, 0x000000070d200000| Untracked 
|  59|0x000000070d400000, 0x000000070d400000, 0x000000070d600000|  0%| F|  |TAMS 0x000000070d400000, 0x000000070d400000| Untracked 
|  60|0x000000070d600000, 0x000000070d600000, 0x000000070d800000|  0%| F|  |TAMS 0x000000070d600000, 0x000000070d600000| Untracked 
|  61|0x000000070d800000, 0x000000070d800000, 0x000000070da00000|  0%| F|  |TAMS 0x000000070d800000, 0x000000070d800000| Untracked 
|  62|0x000000070da00000, 0x000000070da00000, 0x000000070dc00000|  0%| F|  |TAMS 0x000000070da00000, 0x000000070da00000| Untracked 
|  63|0x000000070dc00000, 0x000000070dc00000, 0x000000070de00000|  0%| F|  |TAMS 0x000000070dc00000, 0x000000070dc00000| Untracked 
|  64|0x000000070de00000, 0x000000070de00000, 0x000000070e000000|  0%| F|  |TAMS 0x000000070de00000, 0x000000070de00000| Untracked 
|  65|0x000000070e000000, 0x000000070e000000, 0x000000070e200000|  0%| F|  |TAMS 0x000000070e000000, 0x000000070e000000| Untracked 
|  66|0x000000070e200000, 0x000000070e200000, 0x000000070e400000|  0%| F|  |TAMS 0x000000070e200000, 0x000000070e200000| Untracked 
|  67|0x000000070e400000, 0x000000070e400000, 0x000000070e600000|  0%| F|  |TAMS 0x000000070e400000, 0x000000070e400000| Untracked 
|  68|0x000000070e600000, 0x000000070e600000, 0x000000070e800000|  0%| F|  |TAMS 0x000000070e600000, 0x000000070e600000| Untracked 
|  69|0x000000070e800000, 0x000000070e800000, 0x000000070ea00000|  0%| F|  |TAMS 0x000000070e800000, 0x000000070e800000| Untracked 
|  70|0x000000070ea00000, 0x000000070ea00000, 0x000000070ec00000|  0%| F|  |TAMS 0x000000070ea00000, 0x000000070ea00000| Untracked 
|  71|0x000000070ec00000, 0x000000070ec00000, 0x000000070ee00000|  0%| F|  |TAMS 0x000000070ec00000, 0x000000070ec00000| Untracked 
|  72|0x000000070ee00000, 0x000000070ee00000, 0x000000070f000000|  0%| F|  |TAMS 0x000000070ee00000, 0x000000070ee00000| Untracked 
|  73|0x000000070f000000, 0x000000070f000000, 0x000000070f200000|  0%| F|  |TAMS 0x000000070f000000, 0x000000070f000000| Untracked 
|  74|0x000000070f200000, 0x000000070f200000, 0x000000070f400000|  0%| F|  |TAMS 0x000000070f200000, 0x000000070f200000| Untracked 
|  75|0x000000070f400000, 0x000000070f400000, 0x000000070f600000|  0%| F|  |TAMS 0x000000070f400000, 0x000000070f400000| Untracked 
|  76|0x000000070f600000, 0x000000070f600000, 0x000000070f800000|  0%| F|  |TAMS 0x000000070f600000, 0x000000070f600000| Untracked 
|  77|0x000000070f800000, 0x000000070f800000, 0x000000070fa00000|  0%| F|  |TAMS 0x000000070f800000, 0x000000070f800000| Untracked 
|  78|0x000000070fa00000, 0x000000070fa00000, 0x000000070fc00000|  0%| F|  |TAMS 0x000000070fa00000, 0x000000070fa00000| Untracked 
|  79|0x000000070fc00000, 0x000000070fc00000, 0x000000070fe00000|  0%| F|  |TAMS 0x000000070fc00000, 0x000000070fc00000| Untracked 
|  80|0x000000070fe00000, 0x000000070fe00000, 0x0000000710000000|  0%| F|  |TAMS 0x000000070fe00000, 0x000000070fe00000| Untracked 
|  81|0x0000000710000000, 0x0000000710000000, 0x0000000710200000|  0%| F|  |TAMS 0x0000000710000000, 0x0000000710000000| Untracked 
|  82|0x0000000710200000, 0x0000000710200000, 0x0000000710400000|  0%| F|  |TAMS 0x0000000710200000, 0x0000000710200000| Untracked 
|  83|0x0000000710400000, 0x0000000710400000, 0x0000000710600000|  0%| F|  |TAMS 0x0000000710400000, 0x0000000710400000| Untracked 
|  84|0x0000000710600000, 0x0000000710600000, 0x0000000710800000|  0%| F|  |TAMS 0x0000000710600000, 0x0000000710600000| Untracked 
|  85|0x0000000710800000, 0x0000000710800000, 0x0000000710a00000|  0%| F|  |TAMS 0x0000000710800000, 0x0000000710800000| Untracked 
|  86|0x0000000710a00000, 0x0000000710a00000, 0x0000000710c00000|  0%| F|  |TAMS 0x0000000710a00000, 0x0000000710a00000| Untracked 
|  87|0x0000000710c00000, 0x0000000710c00000, 0x0000000710e00000|  0%| F|  |TAMS 0x0000000710c00000, 0x0000000710c00000| Untracked 
|  88|0x0000000710e00000, 0x0000000710e00000, 0x0000000711000000|  0%| F|  |TAMS 0x0000000710e00000, 0x0000000710e00000| Untracked 
|  89|0x0000000711000000, 0x0000000711000000, 0x0000000711200000|  0%| F|  |TAMS 0x0000000711000000, 0x0000000711000000| Untracked 
|  90|0x0000000711200000, 0x0000000711200000, 0x0000000711400000|  0%| F|  |TAMS 0x0000000711200000, 0x0000000711200000| Untracked 
|  91|0x0000000711400000, 0x0000000711400000, 0x0000000711600000|  0%| F|  |TAMS 0x0000000711400000, 0x0000000711400000| Untracked 
|  92|0x0000000711600000, 0x0000000711600000, 0x0000000711800000|  0%| F|  |TAMS 0x0000000711600000, 0x0000000711600000| Untracked 
|  93|0x0000000711800000, 0x0000000711800000, 0x0000000711a00000|  0%| F|  |TAMS 0x0000000711800000, 0x0000000711800000| Untracked 
|  94|0x0000000711a00000, 0x0000000711a00000, 0x0000000711c00000|  0%| F|  |TAMS 0x0000000711a00000, 0x0000000711a00000| Untracked 
|  95|0x0000000711c00000, 0x0000000711c00000, 0x0000000711e00000|  0%| F|  |TAMS 0x0000000711c00000, 0x0000000711c00000| Untracked 
|  96|0x0000000711e00000, 0x0000000711e00000, 0x0000000712000000|  0%| F|  |TAMS 0x0000000711e00000, 0x0000000711e00000| Untracked 
|  97|0x0000000712000000, 0x0000000712000000, 0x0000000712200000|  0%| F|  |TAMS 0x0000000712000000, 0x0000000712000000| Untracked 
|  98|0x0000000712200000, 0x0000000712200000, 0x0000000712400000|  0%| F|  |TAMS 0x0000000712200000, 0x0000000712200000| Untracked 
|  99|0x0000000712400000, 0x0000000712400000, 0x0000000712600000|  0%| F|  |TAMS 0x0000000712400000, 0x0000000712400000| Untracked 
| 100|0x0000000712600000, 0x0000000712600000, 0x0000000712800000|  0%| F|  |TAMS 0x0000000712600000, 0x0000000712600000| Untracked 
| 101|0x0000000712800000, 0x0000000712800000, 0x0000000712a00000|  0%| F|  |TAMS 0x0000000712800000, 0x0000000712800000| Untracked 
| 102|0x0000000712a00000, 0x0000000712a00000, 0x0000000712c00000|  0%| F|  |TAMS 0x0000000712a00000, 0x0000000712a00000| Untracked 
| 103|0x0000000712c00000, 0x0000000712c00000, 0x0000000712e00000|  0%| F|  |TAMS 0x0000000712c00000, 0x0000000712c00000| Untracked 
| 104|0x0000000712e00000, 0x0000000712e00000, 0x0000000713000000|  0%| F|  |TAMS 0x0000000712e00000, 0x0000000712e00000| Untracked 
| 105|0x0000000713000000, 0x0000000713000000, 0x0000000713200000|  0%| F|  |TAMS 0x0000000713000000, 0x0000000713000000| Untracked 
| 106|0x0000000713200000, 0x0000000713200000, 0x0000000713400000|  0%| F|  |TAMS 0x0000000713200000, 0x0000000713200000| Untracked 
| 107|0x0000000713400000, 0x0000000713400000, 0x0000000713600000|  0%| F|  |TAMS 0x0000000713400000, 0x0000000713400000| Untracked 
| 108|0x0000000713600000, 0x0000000713600000, 0x0000000713800000|  0%| F|  |TAMS 0x0000000713600000, 0x0000000713600000| Untracked 
| 109|0x0000000713800000, 0x0000000713800000, 0x0000000713a00000|  0%| F|  |TAMS 0x0000000713800000, 0x0000000713800000| Untracked 
| 110|0x0000000713a00000, 0x0000000713a00000, 0x0000000713c00000|  0%| F|  |TAMS 0x0000000713a00000, 0x0000000713a00000| Untracked 
| 111|0x0000000713c00000, 0x0000000713c00000, 0x0000000713e00000|  0%| F|  |TAMS 0x0000000713c00000, 0x0000000713c00000| Untracked 
| 112|0x0000000713e00000, 0x0000000713e00000, 0x0000000714000000|  0%| F|  |TAMS 0x0000000713e00000, 0x0000000713e00000| Untracked 
| 113|0x0000000714000000, 0x0000000714000000, 0x0000000714200000|  0%| F|  |TAMS 0x0000000714000000, 0x0000000714000000| Untracked 
| 114|0x0000000714200000, 0x0000000714200000, 0x0000000714400000|  0%| F|  |TAMS 0x0000000714200000, 0x0000000714200000| Untracked 
| 115|0x0000000714400000, 0x0000000714400000, 0x0000000714600000|  0%| F|  |TAMS 0x0000000714400000, 0x0000000714400000| Untracked 
| 116|0x0000000714600000, 0x0000000714600000, 0x0000000714800000|  0%| F|  |TAMS 0x0000000714600000, 0x0000000714600000| Untracked 
| 117|0x0000000714800000, 0x0000000714800000, 0x0000000714a00000|  0%| F|  |TAMS 0x0000000714800000, 0x0000000714800000| Untracked 
| 118|0x0000000714a00000, 0x0000000714a00000, 0x0000000714c00000|  0%| F|  |TAMS 0x0000000714a00000, 0x0000000714a00000| Untracked 
| 119|0x0000000714c00000, 0x0000000714c00000, 0x0000000714e00000|  0%| F|  |TAMS 0x0000000714c00000, 0x0000000714c00000| Untracked 
| 120|0x0000000714e00000, 0x0000000714e00000, 0x0000000715000000|  0%| F|  |TAMS 0x0000000714e00000, 0x0000000714e00000| Untracked 
| 121|0x0000000715000000, 0x0000000715000000, 0x0000000715200000|  0%| F|  |TAMS 0x0000000715000000, 0x0000000715000000| Untracked 
| 122|0x0000000715200000, 0x0000000715200000, 0x0000000715400000|  0%| F|  |TAMS 0x0000000715200000, 0x0000000715200000| Untracked 
| 123|0x0000000715400000, 0x0000000715400000, 0x0000000715600000|  0%| F|  |TAMS 0x0000000715400000, 0x0000000715400000| Untracked 
| 124|0x0000000715600000, 0x0000000715600000, 0x0000000715800000|  0%| F|  |TAMS 0x0000000715600000, 0x0000000715600000| Untracked 
| 125|0x0000000715800000, 0x00000007158e15a8, 0x0000000715a00000| 44%| E|  |TAMS 0x0000000715800000, 0x0000000715800000| Complete 

Card table byte_map: [0x000002bde21c0000,0x000002bde29a0000] _byte_map_base: 0x000002bdde991000

Marking Bits (Prev, Next): (CMBitMap*) 0x000002bdc931f3f0, (CMBitMap*) 0x000002bdc931f430
 Prev Bits: [0x000002bde3180000, 0x000002bde7008000)
 Next Bits: [0x000002bde7010000, 0x000002bdeae98000)

Polling page: 0x000002bdc71d0000

Metaspace:

Usage:
  Non-class:      2.87 MB used.
      Class:    244.76 KB used.
       Both:      3.11 MB used.

Virtual space:
  Non-class space:       64.00 MB reserved,       2.88 MB (  4%) committed,  1 nodes.
      Class space:        1.00 GB reserved,     256.00 KB ( <1%) committed,  1 nodes.
             Both:        1.06 GB reserved,       3.12 MB ( <1%) committed. 

Chunk freelists:
   Non-Class:  12.00 MB
       Class:  15.75 MB
        Both:  27.75 MB

MaxMetaspaceSize: unlimited
CompressedClassSpaceSize: 1.00 GB
Initial GC threshold: 21.00 MB
Current GC threshold: 21.00 MB
CDS: off
MetaspaceReclaimPolicy: balanced
 - commit_granule_bytes: 65536.
 - commit_granule_words: 8192.
 - virtual_space_node_default_size: 8388608.
 - enlarge_chunks_in_place: 1.
 - new_chunks_are_fully_committed: 0.
 - uncommit_free_chunks: 1.
 - use_allocation_guard: 0.
 - handle_deallocations: 1.


Internal statistics:

num_allocs_failed_limit: 0.
num_arena_births: 2.
num_arena_deaths: 0.
num_vsnodes_births: 2.
num_vsnodes_deaths: 0.
num_space_committed: 50.
num_space_uncommitted: 0.
num_chunks_returned_to_freelist: 0.
num_chunks_taken_from_freelist: 3.
num_chunk_merges: 0.
num_chunk_splits: 2.
num_chunks_enlarged: 0.
num_inconsistent_stats: 0.

CodeHeap 'non-profiled nmethods': size=119168Kb used=3Kb max_used=3Kb free=119164Kb
 bounds [0x000002bdd9ce0000, 0x000002bdd9f50000, 0x000002bde1140000]
CodeHeap 'profiled nmethods': size=119104Kb used=35Kb max_used=35Kb free=119068Kb
 bounds [0x000002bdd2140000, 0x000002bdd23b0000, 0x000002bdd9590000]
CodeHeap 'non-nmethods': size=7488Kb used=1024Kb max_used=1037Kb free=6464Kb
 bounds [0x000002bdd9590000, 0x000002bdd9800000, 0x000002bdd9ce0000]
 total_blobs=304 nmethods=29 adapters=188
 compilation: enabled
              stopped_count=0, restarted_count=0
 full_count=0

Compilation events (20 events):
Event: 0.064 Thread 0x000002bd800fa050 nmethod 17 0x000002bdd2146390 code [0x000002bdd2146520, 0x000002bdd2146698]
Event: 0.064 Thread 0x000002bd800fa050   22       3       java.util.AbstractCollection::<init> (5 bytes)
Event: 0.064 Thread 0x000002bd800fa050 nmethod 22 0x000002bdd2146710 code [0x000002bdd21468a0, 0x000002bdd21469f8]
Event: 0.064 Thread 0x000002bd800fa050   18       3       java.lang.module.ModuleDescriptor$Exports::hashCode (36 bytes)
Event: 0.064 Thread 0x000002bd800fa050 nmethod 18 0x000002bdd2146a90 code [0x000002bdd2146c60, 0x000002bdd2146ee8]
Event: 0.064 Thread 0x000002bd800fa050   23       3       java.util.Set::of (68 bytes)
Event: 0.065 Thread 0x000002bd800fa050 nmethod 23 0x000002bdd2147010 code [0x000002bdd2147240, 0x000002bdd2147a88]
Event: 0.066 Thread 0x000002bd800f9240 nmethod 19 0x000002bdd9ce0010 code [0x000002bdd9ce0180, 0x000002bdd9ce02f8]
Event: 0.066 Thread 0x000002bd800f9240   20       4       java.lang.Object::<init> (1 bytes)
Event: 0.066 Thread 0x000002bd800f9240 nmethod 20 0x000002bdd9ce0410 code [0x000002bdd9ce0580, 0x000002bdd9ce05f8]
Event: 0.067 Thread 0x000002bd800fa050   25       3       java.lang.String::coder (15 bytes)
Event: 0.067 Thread 0x000002bd800fa050 nmethod 25 0x000002bdd2147d10 code [0x000002bdd2147ea0, 0x000002bdd2147fd8]
Event: 0.067 Thread 0x000002bd800fa050   26       3       java.lang.String::length (11 bytes)
Event: 0.067 Thread 0x000002bd800fa050 nmethod 26 0x000002bdd2148090 code [0x000002bdd2148220, 0x000002bdd21483b8]
Event: 0.067 Thread 0x000002bd800fa050   27       1       java.lang.module.ModuleDescriptor::name (5 bytes)
Event: 0.067 Thread 0x000002bd800fa050 nmethod 27 0x000002bdd9ce0710 code [0x000002bdd9ce08a0, 0x000002bdd9ce0978]
Event: 0.068 Thread 0x000002bd800fa050   29       3       java.net.URI::hash (33 bytes)
Event: 0.068 Thread 0x000002bd800fa050 nmethod 29 0x000002bdd2148490 code [0x000002bdd2148680, 0x000002bdd2148b18]
Event: 0.068 Thread 0x000002bd800fa050   28       1       java.lang.module.ModuleReference::descriptor (5 bytes)
Event: 0.068 Thread 0x000002bd800fa050 nmethod 28 0x000002bdd9ce0a10 code [0x000002bdd9ce0ba0, 0x000002bdd9ce0c78]

GC Heap History (0 events):
No events

Dll operation events (2 events):
Event: 0.004 Loaded shared library C:\Program Files\OpenLogic\jdk-17.0.10.7-hotspot\bin\java.dll
Event: 0.030 Loaded shared library C:\Program Files\OpenLogic\jdk-17.0.10.7-hotspot\bin\jsvml.dll

Deoptimization events (0 events):
No events

Classes unloaded (0 events):
No events

Classes redefined (0 events):
No events

Internal exceptions (0 events):
No events

VM Operations (0 events):
No events

Events (20 events):
Event: 0.068 loading class jdk/internal/loader/ClassLoaderHelper done
Event: 0.068 loading class java/util/HashSet
Event: 0.068 loading class java/util/HashSet done
Event: 0.068 loading class java/util/ArrayDeque
Event: 0.068 loading class java/util/Deque
Event: 0.068 loading class java/util/Queue
Event: 0.068 loading class java/util/Queue done
Event: 0.068 loading class java/util/Deque done
Event: 0.069 loading class java/util/ArrayDeque done
Event: 0.069 loading class jdk/internal/loader/ArchivedClassLoaders
Event: 0.069 loading class jdk/internal/loader/ArchivedClassLoaders done
Event: 0.069 loading class jdk/internal/loader/ClassLoaders$BootClassLoader
Event: 0.069 loading class jdk/internal/loader/ClassLoaders$BootClassLoader done
Event: 0.069 loading class java/security/cert/Certificate
Event: 0.069 loading class java/security/cert/Certificate done
Event: 0.069 loading class java/lang/ClassLoader$ParallelLoaders
Event: 0.069 loading class java/lang/ClassLoader$ParallelLoaders done
Event: 0.069 loading class java/util/WeakHashMap
Event: 0.069 loading class java/util/WeakHashMap done
Event: 0.069 loading class java/util/WeakHashMap$Entry


Dynamic libraries:
0x00007ff7b60c0000 - 0x00007ff7b60ce000 	C:\Program Files\OpenLogic\jdk-17.0.10.7-hotspot\bin\java.exe
0x00007ffd8add0000 - 0x00007ffd8afe7000 	C:\WINDOWS\SYSTEM32\ntdll.dll
0x00007ffd89aa0000 - 0x00007ffd89b64000 	C:\WINDOWS\System32\KERNEL32.DLL
0x00007ffd88540000 - 0x00007ffd888e7000 	C:\WINDOWS\System32\KERNELBASE.dll
0x00007ffd881b0000 - 0x00007ffd882c1000 	C:\WINDOWS\System32\ucrtbase.dll
0x00007ffd7d7a0000 - 0x00007ffd7d7bb000 	C:\Program Files\OpenLogic\jdk-17.0.10.7-hotspot\bin\VCRUNTIME140.dll
0x00007ffd73d60000 - 0x00007ffd73d77000 	C:\Program Files\OpenLogic\jdk-17.0.10.7-hotspot\bin\jli.dll
0x00007ffd898d0000 - 0x00007ffd89a7e000 	C:\WINDOWS\System32\USER32.dll
0x00007ffd88350000 - 0x00007ffd88376000 	C:\WINDOWS\System32\win32u.dll
0x00007ffd6ee00000 - 0x00007ffd6f093000 	C:\WINDOWS\WinSxS\amd64_microsoft.windows.common-controls_6595b64144ccf1df_6.0.22621.3527_none_270e469b73872a76\COMCTL32.dll
0x00007ffd8a780000 - 0x00007ffd8a7a9000 	C:\WINDOWS\System32\GDI32.dll
0x00007ffd88de0000 - 0x00007ffd88e87000 	C:\WINDOWS\System32\msvcrt.dll
0x00007ffd88420000 - 0x00007ffd88539000 	C:\WINDOWS\System32\gdi32full.dll
0x00007ffd888f0000 - 0x00007ffd8898a000 	C:\WINDOWS\System32\msvcp_win.dll
0x00007ffd8a740000 - 0x00007ffd8a771000 	C:\WINDOWS\System32\IMM32.DLL
0x00007ffd846d0000 - 0x00007ffd846dc000 	C:\Program Files\OpenLogic\jdk-17.0.10.7-hotspot\bin\vcruntime140_1.dll
0x00007ffd66ec0000 - 0x00007ffd66f4d000 	C:\Program Files\OpenLogic\jdk-17.0.10.7-hotspot\bin\msvcp140.dll
0x00007ffd2b110000 - 0x00007ffd2bd72000 	C:\Program Files\OpenLogic\jdk-17.0.10.7-hotspot\bin\server\jvm.dll
0x00007ffd89660000 - 0x00007ffd89712000 	C:\WINDOWS\System32\ADVAPI32.dll
0x00007ffd89410000 - 0x00007ffd894b8000 	C:\WINDOWS\System32\sechost.dll
0x00007ffd88380000 - 0x00007ffd883a8000 	C:\WINDOWS\System32\bcrypt.dll
0x00007ffd88b00000 - 0x00007ffd88c15000 	C:\WINDOWS\System32\RPCRT4.dll
0x00007ffd87e00000 - 0x00007ffd87e4d000 	C:\WINDOWS\SYSTEM32\POWRPROF.dll
0x00007ffd7d700000 - 0x00007ffd7d734000 	C:\WINDOWS\SYSTEM32\WINMM.dll
0x00007ffd659b0000 - 0x00007ffd659b9000 	C:\WINDOWS\SYSTEM32\WSOCK32.dll
0x00007ffd72d00000 - 0x00007ffd72d0a000 	C:\WINDOWS\SYSTEM32\VERSION.dll
0x00007ffd89570000 - 0x00007ffd895e1000 	C:\WINDOWS\System32\WS2_32.dll
0x00007ffd87de0000 - 0x00007ffd87df3000 	C:\WINDOWS\SYSTEM32\UMPDC.dll
0x00007ffd870e0000 - 0x00007ffd870f8000 	C:\WINDOWS\SYSTEM32\kernel.appcore.dll
0x00007ffd84610000 - 0x00007ffd8461a000 	C:\Program Files\OpenLogic\jdk-17.0.10.7-hotspot\bin\jimage.dll
0x00007ffd859b0000 - 0x00007ffd85be2000 	C:\WINDOWS\SYSTEM32\DBGHELP.DLL
0x00007ffd8a980000 - 0x00007ffd8ad08000 	C:\WINDOWS\System32\combase.dll
0x00007ffd8a810000 - 0x00007ffd8a8e7000 	C:\WINDOWS\System32\OLEAUT32.dll
0x00007ffd714a0000 - 0x00007ffd714d2000 	C:\WINDOWS\SYSTEM32\dbgcore.DLL
0x00007ffd882d0000 - 0x00007ffd88349000 	C:\WINDOWS\System32\bcryptPrimitives.dll
0x00007ffd74740000 - 0x00007ffd74765000 	C:\Program Files\OpenLogic\jdk-17.0.10.7-hotspot\bin\java.dll
0x00007ffd633f0000 - 0x00007ffd634c6000 	C:\Program Files\OpenLogic\jdk-17.0.10.7-hotspot\bin\jsvml.dll
0x00007ffd89d70000 - 0x00007ffd8a5cc000 	C:\WINDOWS\System32\SHELL32.dll
0x00007ffd85fe0000 - 0x00007ffd868d6000 	C:\WINDOWS\SYSTEM32\windows.storage.dll
0x00007ffd85ea0000 - 0x00007ffd85fde000 	C:\WINDOWS\SYSTEM32\wintypes.dll
0x00007ffd89b70000 - 0x00007ffd89c65000 	C:\WINDOWS\System32\SHCORE.dll
0x00007ffd89d10000 - 0x00007ffd89d6e000 	C:\WINDOWS\System32\shlwapi.dll
0x00007ffd88020000 - 0x00007ffd88041000 	C:\WINDOWS\SYSTEM32\profapi.dll

dbghelp: loaded successfully - version: 4.0.5 - missing functions: none
symbol engine: initialized successfully - sym options: 0x614 - pdb path: .;C:\Program Files\OpenLogic\jdk-17.0.10.7-hotspot\bin;C:\WINDOWS\SYSTEM32;C:\WINDOWS\WinSxS\amd64_microsoft.windows.common-controls_6595b64144ccf1df_6.0.22621.3527_none_270e469b73872a76;C:\Program Files\OpenLogic\jdk-17.0.10.7-hotspot\bin\server

VM Arguments:
java_command: com.mycompany.pharmacy.CustomerHomePage
java_class_path (initial): C:\Users\skr\OneDrive\Documents\NetBeansProjects\pharmacy\target\classes;C:\Users\skr\.m2\repository\com\oracle\ojdbc11\10.2.0.4.0\ojdbc11-10.2.0.4.0.jar;C:\Users\skr\.m2\repository\org\netbeans\external\AbsoluteLayout\RELEASE210\AbsoluteLayout-RELEASE210.jar
Launcher Type: SUN_STANDARD

[Global flags]
     intx CICompilerCount                          = 12                                        {product} {ergonomic}
     uint ConcGCThreads                            = 3                                         {product} {ergonomic}
     uint G1ConcRefinementThreads                  = 13                                        {product} {ergonomic}
   size_t G1HeapRegionSize                         = 2097152                                   {product} {ergonomic}
    uintx GCDrainStackTargetSize                   = 64                                        {product} {ergonomic}
   size_t InitialHeapSize                          = 264241152                                 {product} {ergonomic}
   size_t MarkStackSize                            = 4194304                                   {product} {ergonomic}
   size_t MaxHeapSize                              = 4196401152                                {product} {ergonomic}
   size_t MaxNewSize                               = 2516582400                                {product} {ergonomic}
   size_t MinHeapDeltaBytes                        = 2097152                                   {product} {ergonomic}
   size_t MinHeapSize                              = 8388608                                   {product} {ergonomic}
    uintx NonNMethodCodeHeapSize                   = 7602480                                {pd product} {ergonomic}
    uintx NonProfiledCodeHeapSize                  = 122027880                              {pd product} {ergonomic}
    uintx ProfiledCodeHeapSize                     = 122027880                              {pd product} {ergonomic}
    uintx ReservedCodeCacheSize                    = 251658240                              {pd product} {ergonomic}
     bool SegmentedCodeCache                       = true                                      {product} {ergonomic}
   size_t SoftMaxHeapSize                          = 4196401152                             {manageable} {ergonomic}
     bool UseCompressedClassPointers               = true                           {product lp64_product} {ergonomic}
     bool UseCompressedOops                        = true                           {product lp64_product} {ergonomic}
     bool UseG1GC                                  = true                                      {product} {ergonomic}
     bool UseLargePagesIndividualAllocation        = false                                  {pd product} {ergonomic}

Logging:
Log output configuration:
 #0: stdout all=warning uptime,level,tags
 #1: stderr all=off uptime,level,tags

Environment Variables:
JAVA_HOME=C:\Program Files\OpenLogic\jdk-17.0.10.7-hotspot
PATH=C:\Program Files (x86)\Common Files\Oracle\Java\java8path;C:\Program Files (x86)\Common Files\Oracle\Java\javapath;E:\orclsql\WINDOWS.X64_193000_db_home\bin;C:\Program Files\OpenLogic\jdk-17.0.10.7-hotspot\bin;C:\ProgramData\Oracle\Java\javapath;C:\WINDOWS\system32;C:\WINDOWS;C:\WINDOWS\System32\Wbem;C:\WINDOWS\System32\WindowsPowerShell\v1.0\;C:\WINDOWS\System32\OpenSSH\;C:\Program Files (x86)\NVIDIA Corporation\PhysX\Common;C:\TDM-GCC-64\bin;C:\Program Files\Git\cmd;C:\Program Files\Git\mingw64\bin;C:\Program Files\Git\usr\bin;%QUARTUS_ROOTDIR%\bin;C:\Program Files\dotnet\;C:\Program Files\OpenLogic\jdk-17.0.10.7-hotspot;C:\Users\skr\AppData\Local\Android\Sdk;C:\Users\skr\AppData\Local\Android\Sdk\platform-tools;C:\Users\skr\AppData\Local\Android\Sdk\emulator;C:\Program Files\nodejs\;C:\Program Files\MySQL\MySQL Shell 8.0\bin\;C:\Users\skr\AppData\Local\Programs\Python\Python311\Scripts\;C:\Users\skr\AppData\Local\Programs\Python\Python311\;C:\Users\skr\AppData\Local\Microsoft\WindowsApps;C:\Program Files\JetBrains\PyCharm Community Edition 2022.3.2\bin;C:\Program Files\Java\jdk-20\bin;C:\Users\skr\AppData\Local\Programs\Microsoft VS Code\bin;C:\TDM-GCC-64\bin;C:\src\flutter\bin;C:\Program Files\JetBrains\IntelliJ IDEA Community Edition 2023.2.5\bin;C:\Users\skr\AppData\Local\JetBrains\Toolbox\scripts;C:\Program Files\OpenLogic\jdk-17.0.10.7-hotspot;C:\Users\skr\AppData\Local\Android\Sdk;C:\Users\skr\AppData\Local\Android\Sdk\emulator;C:\Users\skr\AppData\Local\Android\Sdk\cmdline-tools;C:\Users\skr\AppData\Local\Android\Sdk\platform-tools;C:\Users\skr\AppData\Roaming\npm
USERNAME=skr
OS=Windows_NT
PROCESSOR_IDENTIFIER=Intel64 Family 6 Model 154 Stepping 3, GenuineIntel
TMP=C:\Users\skr\AppData\Local\Temp
TEMP=C:\Users\skr\AppData\Local\Temp



Periodic native trim disabled


---------------  S Y S T E M  ---------------

OS:
 Windows 11 , 64 bit Build 22621 (10.0.22621.3527)
OS uptime: 0 days 19:22 hours
Hyper-V role detected

CPU: total 16 (initial active 16) (8 cores per cpu, 2 threads per core) family 6 model 154 stepping 3 microcode 0x42c, cx8, cmov, fxsr, ht, mmx, 3dnowpref, sse, sse2, sse3, ssse3, sse4.1, sse4.2, popcnt, lzcnt, tsc, tscinvbit, avx, avx2, aes, erms, clmul, bmi1, bmi2, adx, sha, fma, vzeroupper, clflush, clflushopt, clwb, hv
Processor Information for processor 0
  Max Mhz: 2500, Current Mhz: 2500, Mhz Limit: 2500
Processor Information for processor 1
  Max Mhz: 2500, Current Mhz: 2500, Mhz Limit: 2500
Processor Information for processor 2
  Max Mhz: 2500, Current Mhz: 2500, Mhz Limit: 2500
Processor Information for processor 3
  Max Mhz: 2500, Current Mhz: 2500, Mhz Limit: 2500
Processor Information for processor 4
  Max Mhz: 2500, Current Mhz: 2500, Mhz Limit: 2500
Processor Information for processor 5
  Max Mhz: 2500, Current Mhz: 2500, Mhz Limit: 2500
Processor Information for processor 6
  Max Mhz: 2500, Current Mhz: 2500, Mhz Limit: 2500
Processor Information for processor 7
  Max Mhz: 2500, Current Mhz: 2500, Mhz Limit: 2500
Processor Information for processor 8
  Max Mhz: 2500, Current Mhz: 1800, Mhz Limit: 1800
Processor Information for processor 9
  Max Mhz: 2500, Current Mhz: 1500, Mhz Limit: 1800
Processor Information for processor 10
  Max Mhz: 2500, Current Mhz: 1500, Mhz Limit: 1800
Processor Information for processor 11
  Max Mhz: 2500, Current Mhz: 1500, Mhz Limit: 1800
Processor Information for processor 12
  Max Mhz: 2500, Current Mhz: 1500, Mhz Limit: 1800
Processor Information for processor 13
  Max Mhz: 2500, Current Mhz: 1500, Mhz Limit: 1800
Processor Information for processor 14
  Max Mhz: 2500, Current Mhz: 1800, Mhz Limit: 1800
Processor Information for processor 15
  Max Mhz: 2500, Current Mhz: 1500, Mhz Limit: 1800

Memory: 4k page, system-wide physical 16004M (5093M free)
TotalPageFile size 18900M (AvailPageFile size 2M)
current process WorkingSet (physical memory assigned to process): 26M, peak: 26M
current process commit charge ("private bytes"): 340M, peak: 345M

vm_info: OpenJDK 64-Bit Server VM (17.0.10+7-adhoc..jdk17u) for windows-amd64 JRE (17.0.10+7-adhoc..jdk17u), built on Jan 24 2024 08:51:31 by "" with MS VC++ 16.10 / 16.11 (VS2019)

END.
